#
# There is insufficient memory for the Java Runtime Environment to continue.
# Native memory allocation (malloc) failed to allocate 491376 bytes for Chunk::new
# Possible reasons:
#   The system is out of physical RAM or swap space
#   The process is running with CompressedOops enabled, and the Java Heap may be blocking the growth of the native heap
# Possible solutions:
#   Reduce memory load on the system
#   Increase physical memory or swap space
#   Check if swap backing store is full
#   Decrease Java heap size (-Xmx/-Xms)
#   Decrease number of Java threads
#   Decrease Java thread stack sizes (-Xss)
#   Set larger code cache with -XX:ReservedCodeCacheSize=
#   JVM is running with Unscaled Compressed Oops mode in which the Java heap is
#     placed in the first 4GB address space. The Java Heap base address is the
#     maximum limit for the native heap growth. Please use -XX:HeapBaseMinAddress
#     to set the Java Heap base and to place the Java Heap above 4GB virtual address.
# This output file may be truncated or incomplete.
#
#  Out of Memory Error (./src/hotspot/share/memory/arena.cpp:197), pid=26696, tid=17164
#
# JRE version: OpenJDK Runtime Environment (11.0.12+7) (build 11.0.12+7-b1504.28-7817840)
# Java VM: OpenJDK 64-Bit Server VM (11.0.12+7-b1504.28-7817840, mixed mode, tiered, compressed oops, g1 gc, windows-amd64)
# No core dump will be written. Minidumps are not enabled by default on client versions of Windows
#

---------------  S U M M A R Y ------------

Command Line: --add-opens=java.base/java.util=ALL-UNNAMED --add-opens=java.base/java.lang=ALL-UNNAMED --add-opens=java.base/java.lang.invoke=ALL-UNNAMED --add-opens=java.base/java.util=ALL-UNNAMED --add-opens=java.prefs/java.util.prefs=ALL-UNNAMED --add-opens=java.prefs/java.util.prefs=ALL-UNNAMED --add-opens=java.base/java.nio.charset=ALL-UNNAMED --add-opens=java.base/java.net=ALL-UNNAMED --add-opens=java.base/java.util.concurrent.atomic=ALL-UNNAMED -Xmx2048m -Dfile.encoding=UTF-8 -Duser.country=CN -Duser.language=zh -Duser.variant org.gradle.launcher.daemon.bootstrap.GradleDaemon 7.2

Host: Intel(R) Core(TM) i5-10500 CPU @ 3.10GHz, 12 cores, 15G,  Windows 10 , 64 bit Build 19041 (10.0.19041.1348)
Time: Mon Dec  5 11:40:58 2022 中国标准时间 elapsed time: 9.542410 seconds (0d 0h 0m 9s)

---------------  T H R E A D  ---------------

Current thread (0x000001524fe03000):  JavaThread "C2 CompilerThread0" daemon [_thread_in_native, id=17164, stack(0x000000145a900000,0x000000145aa00000)]


Current CompileTask:
C2:   9542 5389       4       java.util.zip.ZipFile$Source::initCEN (697 bytes)

Stack: [0x000000145a900000,0x000000145aa00000]
Native frames: (J=compiled Java code, j=interpreted, Vv=VM code, C=native code)
V  [jvm.dll+0x5fbcea]
V  [jvm.dll+0x731905]
V  [jvm.dll+0x732f1d]
V  [jvm.dll+0x7335d3]
V  [jvm.dll+0x247bf8]
V  [jvm.dll+0xc018c]
V  [jvm.dll+0xc06cc]
V  [jvm.dll+0x35b2db]
V  [jvm.dll+0x19d0bc]
V  [jvm.dll+0x20070e]
V  [jvm.dll+0x1ff794]
V  [jvm.dll+0x18868c]
V  [jvm.dll+0x20e0d7]
V  [jvm.dll+0x20c901]
V  [jvm.dll+0x6f9b7f]
V  [jvm.dll+0x6f26a5]
V  [jvm.dll+0x5fabf6]
C  [ucrtbase.dll+0x21bb2]
C  [KERNEL32.DLL+0x17034]
C  [ntdll.dll+0x52651]


---------------  P R O C E S S  ---------------

Threads class SMR info:
_java_thread_list=0x00000152521e44b0, length=167, elements={
0x0000015234c38000, 0x000001524fd76800, 0x000001524fd82000, 0x000001524fd9c800,
0x000001524fd9d800, 0x000001524fd9e800, 0x000001524fe03000, 0x000001524fe04000,
0x000001524fe21800, 0x000001524ff66000, 0x0000015251864800, 0x0000015250de8800,
0x000001525186e800, 0x00000152520ea800, 0x00000152516c6000, 0x0000015251d9f800,
0x0000015252390800, 0x0000015251160000, 0x0000015252149800, 0x0000015251f5a800,
0x0000015251f59800, 0x0000015251f58000, 0x0000015251f59000, 0x0000015253a8b800,
0x0000015253a8c000, 0x0000015253a8d000, 0x0000015253a8e800, 0x0000015253a8e000,
0x0000015253a8f800, 0x0000015253a89800, 0x0000015253a8a800, 0x0000015253a92800,
0x0000015253a94800, 0x0000015253a96000, 0x0000015253a97000, 0x0000015253a91000,
0x0000015253a97800, 0x0000015253a92000, 0x0000015253a98800, 0x0000015255c48800,
0x0000015255c49800, 0x0000015255c4a800, 0x0000015255c44800, 0x0000015255c4b000,
0x0000015255c45800, 0x0000015255c4c000, 0x0000015255c46000, 0x0000015255c4c800,
0x0000015255c47000, 0x0000015255c4d800, 0x0000015255c48000, 0x0000015255c50000,
0x0000015255c4f000, 0x0000015255c51000, 0x0000015255c4e800, 0x0000015255c51800,
0x0000015255c52800, 0x0000015255c53000, 0x0000015255914000, 0x0000015255915000,
0x000001525590f000, 0x0000015255915800, 0x0000015255911000, 0x0000015255910000,
0x0000015255912800, 0x0000015255916800, 0x0000015255917800, 0x0000015255913800,
0x0000015255911800, 0x000001525591a800, 0x000001525591a000, 0x0000015255918000,
0x000001525591e000, 0x000001525591c800, 0x0000015255919000, 0x000001525591b800,
0x000001525591d000, 0x0000015255ed0800, 0x0000015255ecf000, 0x0000015255ed1800,
0x0000015255ecf800, 0x0000015255ece000, 0x0000015255ed2000, 0x0000015255ed3000,
0x0000015255ecd800, 0x0000015255ed7000, 0x0000015255ed5800, 0x0000015255ed8000,
0x0000015255ed6800, 0x0000015255ed4800, 0x0000015255ed8800, 0x0000015255ed9800,
0x0000015255ed4000, 0x0000015255eda800, 0x0000015255edb000, 0x0000015255edc000,
0x0000015255b76800, 0x0000015255b75800, 0x0000015255b79000, 0x0000015255b77800,
0x0000015255b75000, 0x0000015255b78000, 0x0000015255b74000, 0x0000015255b73000,
0x0000015255b7e000, 0x0000015255b7d000, 0x0000015255b7b800, 0x0000015255b7a800,
0x0000015255b7c000, 0x0000015255b7e800, 0x0000015255b7a000, 0x0000015255b7f800,
0x0000015255b80800, 0x0000015255b81000, 0x0000015255b82000, 0x0000015256dbd800,
0x0000015256dc1000, 0x0000015256dbc800, 0x0000015256dc4000, 0x0000015256dc1800,
0x0000015256dc2800, 0x0000015256dbe800, 0x0000015256dc0000, 0x0000015256dc3000,
0x0000015256dc5000, 0x0000015256dbf000, 0x0000015256dc5800, 0x0000015256dc9000,
0x0000015256dcb800, 0x0000015256dca800, 0x0000015256dc9800, 0x0000015256dc6800,
0x0000015256dc7800, 0x0000015256dc8000, 0x0000015256df7000, 0x0000015256df5800,
0x0000015256dfa800, 0x0000015256df6800, 0x0000015256df9000, 0x0000015256df4800,
0x0000015256dfd800, 0x0000015256df8000, 0x0000015256dfb000, 0x0000015256dfe800,
0x0000015256dff800, 0x0000015256df9800, 0x0000015256dfc000, 0x0000015256e00000,
0x0000015256e01000, 0x0000015256dfd000, 0x0000015256e02000, 0x0000015256e02800,
0x0000015256e03800, 0x0000015255c13000, 0x0000015255c12000, 0x0000015255c11800,
0x0000015255c19800, 0x0000015255c18800, 0x0000015255c13800, 0x0000015255c17000,
0x0000015255c1a000, 0x0000015255c14800, 0x0000015255c1b000, 0x0000015255c15800,
0x0000015255c16000, 0x0000015253bc7000, 0x0000015255971800
}

Java Threads: ( => current thread )
  0x0000015234c38000 JavaThread "main" [_thread_blocked, id=21752, stack(0x0000001459d00000,0x0000001459e00000)]
  0x000001524fd76800 JavaThread "Reference Handler" daemon [_thread_blocked, id=63072, stack(0x000000145a400000,0x000000145a500000)]
  0x000001524fd82000 JavaThread "Finalizer" daemon [_thread_blocked, id=21888, stack(0x000000145a500000,0x000000145a600000)]
  0x000001524fd9c800 JavaThread "Signal Dispatcher" daemon [_thread_blocked, id=1764, stack(0x000000145a600000,0x000000145a700000)]
  0x000001524fd9d800 JavaThread "Attach Listener" daemon [_thread_blocked, id=28928, stack(0x000000145a700000,0x000000145a800000)]
  0x000001524fd9e800 JavaThread "Service Thread" daemon [_thread_blocked, id=66640, stack(0x000000145a800000,0x000000145a900000)]
=>0x000001524fe03000 JavaThread "C2 CompilerThread0" daemon [_thread_in_native, id=17164, stack(0x000000145a900000,0x000000145aa00000)]
  0x000001524fe04000 JavaThread "C1 CompilerThread0" daemon [_thread_blocked, id=5348, stack(0x000000145aa00000,0x000000145ab00000)]
  0x000001524fe21800 JavaThread "Sweeper thread" daemon [_thread_blocked, id=23240, stack(0x000000145ab00000,0x000000145ac00000)]
  0x000001524ff66000 JavaThread "Common-Cleaner" daemon [_thread_blocked, id=48136, stack(0x000000145ac00000,0x000000145ad00000)]
  0x0000015251864800 JavaThread "Daemon health stats" [_thread_blocked, id=42684, stack(0x000000145b500000,0x000000145b600000)]
  0x0000015250de8800 JavaThread "Incoming local TCP Connector on port 53352" [_thread_in_native, id=67180, stack(0x000000145ae00000,0x000000145af00000)]
  0x000001525186e800 JavaThread "Daemon periodic checks" [_thread_blocked, id=14116, stack(0x000000145af00000,0x000000145b000000)]
  0x00000152520ea800 JavaThread "Daemon" [_thread_blocked, id=13844, stack(0x000000145b600000,0x000000145b700000)]
  0x00000152516c6000 JavaThread "Handler for socket connection from /127.0.0.1:53352 to /127.0.0.1:53353" [_thread_in_native, id=27824, stack(0x000000145b700000,0x000000145b800000)]
  0x0000015251d9f800 JavaThread "Cancel handler" [_thread_blocked, id=56652, stack(0x000000145b800000,0x000000145b900000)]
  0x0000015252390800 JavaThread "Daemon worker" [_thread_in_native, id=34500, stack(0x000000145b900000,0x000000145ba00000)]
  0x0000015251160000 JavaThread "Asynchronous log dispatcher for DefaultDaemonConnection: socket connection from /127.0.0.1:53352 to /127.0.0.1:53353" [_thread_blocked, id=60132, stack(0x000000145ba00000,0x000000145bb00000)]
  0x0000015252149800 JavaThread "Stdin handler" [_thread_blocked, id=7516, stack(0x000000145bb00000,0x000000145bc00000)]
  0x0000015251f5a800 JavaThread "Daemon client event forwarder" [_thread_blocked, id=32400, stack(0x000000145bc00000,0x000000145bd00000)]
  0x0000015251f59800 JavaThread "Cache worker for journal cache (C:\Users\Administrator\.gradle\caches\journal-1)" [_thread_blocked, id=61252, stack(0x000000145bd00000,0x000000145be00000)]
  0x0000015251f58000 JavaThread "File lock request listener" [_thread_in_native, id=31260, stack(0x000000145be00000,0x000000145bf00000)]
  0x0000015251f59000 JavaThread "Cache worker for file hash cache (C:\Users\Administrator\.gradle\caches\7.2\fileHashes)" [_thread_blocked, id=65868, stack(0x000000145bf00000,0x000000145c000000)]
  0x0000015253a8b800 JavaThread "Cache worker for file hash cache (Z:\APIDemoHub\APIDemoHub\.gradle\7.2\fileHashes)" [_thread_blocked, id=3892, stack(0x000000145c700000,0x000000145c800000)]
  0x0000015253a8c000 JavaThread "File watcher server" daemon [_thread_in_native, id=16356, stack(0x000000145c800000,0x000000145c900000)]
  0x0000015253a8d000 JavaThread "File watcher consumer" daemon [_thread_blocked, id=14620, stack(0x000000145c900000,0x000000145ca00000)]
  0x0000015253a8e800 JavaThread "Cache worker for checksums cache (Z:\APIDemoHub\APIDemoHub\.gradle\checksums)" [_thread_blocked, id=67360, stack(0x000000145c600000,0x000000145c700000)]
  0x0000015253a8e000 JavaThread "Cache worker for cache directory md-supplier (C:\Users\Administrator\.gradle\caches\7.2\md-supplier)" [_thread_blocked, id=9052, stack(0x000000145ca00000,0x000000145cb00000)]
  0x0000015253a8f800 JavaThread "Cache worker for cache directory md-rule (C:\Users\Administrator\.gradle\caches\7.2\md-rule)" [_thread_blocked, id=58852, stack(0x000000145cb00000,0x000000145cc00000)]
  0x0000015253a89800 JavaThread "Cache worker for execution history cache (C:\Users\Administrator\.gradle\caches\7.2\executionHistory)" [_thread_blocked, id=47064, stack(0x000000145cc00000,0x000000145cd00000)]
  0x0000015253a8a800 JavaThread "jar transforms" [_thread_blocked, id=19852, stack(0x000000145cf00000,0x000000145d000000)]
  0x0000015253a92800 JavaThread "jar transforms Thread 2" [_thread_blocked, id=28496, stack(0x000000145d000000,0x000000145d100000)]
  0x0000015253a94800 JavaThread "Cache worker for file content cache (C:\Users\Administrator\.gradle\caches\7.2\fileContent)" [_thread_blocked, id=12316, stack(0x000000145d100000,0x000000145d200000)]
  0x0000015253a96000 JavaThread "Cache worker for dependencies-accessors (Z:\APIDemoHub\APIDemoHub\.gradle\7.2\dependencies-accessors)" [_thread_blocked, id=65280, stack(0x000000145d200000,0x000000145d300000)]
  0x0000015253a97000 JavaThread "jar transforms Thread 3" [_thread_blocked, id=39692, stack(0x000000145cd00000,0x000000145ce00000)]
  0x0000015253a91000 JavaThread "Cache worker for Build Output Cleanup Cache (Z:\APIDemoHub\APIDemoHub\.gradle\buildOutputCleanup)" [_thread_blocked, id=35644, stack(0x000000145d300000,0x000000145d400000)]
  0x0000015253a97800 JavaThread "Unconstrained build operations" [_thread_blocked, id=23348, stack(0x000000145d400000,0x000000145d500000)]
  0x0000015253a92000 JavaThread "Unconstrained build operations Thread 2" [_thread_blocked, id=44984, stack(0x000000145d500000,0x000000145d600000)]
  0x0000015253a98800 JavaThread "Unconstrained build operations Thread 3" [_thread_blocked, id=37252, stack(0x000000145d600000,0x000000145d700000)]
  0x0000015255c48800 JavaThread "Unconstrained build operations Thread 4" [_thread_blocked, id=40320, stack(0x000000145d700000,0x000000145d800000)]
  0x0000015255c49800 JavaThread "Unconstrained build operations Thread 5" [_thread_blocked, id=2912, stack(0x000000145d800000,0x000000145d900000)]
  0x0000015255c4a800 JavaThread "Unconstrained build operations Thread 6" [_thread_blocked, id=12384, stack(0x000000145d900000,0x000000145da00000)]
  0x0000015255c44800 JavaThread "Unconstrained build operations Thread 7" [_thread_blocked, id=39860, stack(0x000000145da00000,0x000000145db00000)]
  0x0000015255c4b000 JavaThread "Unconstrained build operations Thread 8" [_thread_blocked, id=31944, stack(0x000000145db00000,0x000000145dc00000)]
  0x0000015255c45800 JavaThread "Unconstrained build operations Thread 9" [_thread_blocked, id=25968, stack(0x000000145dc00000,0x000000145dd00000)]
  0x0000015255c4c000 JavaThread "Unconstrained build operations Thread 10" [_thread_blocked, id=37844, stack(0x000000145dd00000,0x000000145de00000)]
  0x0000015255c46000 JavaThread "Unconstrained build operations Thread 11" [_thread_blocked, id=27932, stack(0x000000145de00000,0x000000145df00000)]
  0x0000015255c4c800 JavaThread "Unconstrained build operations Thread 12" [_thread_blocked, id=49148, stack(0x000000145df00000,0x000000145e000000)]
  0x0000015255c47000 JavaThread "Unconstrained build operations Thread 13" [_thread_blocked, id=22252, stack(0x000000145e000000,0x000000145e100000)]
  0x0000015255c4d800 JavaThread "Unconstrained build operations Thread 14" [_thread_blocked, id=60028, stack(0x000000145e100000,0x000000145e200000)]
  0x0000015255c48000 JavaThread "Unconstrained build operations Thread 15" [_thread_blocked, id=36980, stack(0x000000145e200000,0x000000145e300000)]
  0x0000015255c50000 JavaThread "Unconstrained build operations Thread 16" [_thread_blocked, id=30236, stack(0x000000145e300000,0x000000145e400000)]
  0x0000015255c4f000 JavaThread "Unconstrained build operations Thread 17" [_thread_blocked, id=55900, stack(0x000000145e400000,0x000000145e500000)]
  0x0000015255c51000 JavaThread "Unconstrained build operations Thread 18" [_thread_blocked, id=60832, stack(0x000000145e500000,0x000000145e600000)]
  0x0000015255c4e800 JavaThread "Unconstrained build operations Thread 19" [_thread_blocked, id=47540, stack(0x000000145e600000,0x000000145e700000)]
  0x0000015255c51800 JavaThread "Unconstrained build operations Thread 20" [_thread_blocked, id=31664, stack(0x000000145e700000,0x000000145e800000)]
  0x0000015255c52800 JavaThread "Unconstrained build operations Thread 21" [_thread_blocked, id=16820, stack(0x000000145e800000,0x000000145e900000)]
  0x0000015255c53000 JavaThread "Unconstrained build operations Thread 22" [_thread_blocked, id=39552, stack(0x000000145e900000,0x000000145ea00000)]
  0x0000015255914000 JavaThread "Unconstrained build operations Thread 23" [_thread_blocked, id=21528, stack(0x000000145ea00000,0x000000145eb00000)]
  0x0000015255915000 JavaThread "Unconstrained build operations Thread 24" [_thread_blocked, id=26712, stack(0x000000145eb00000,0x000000145ec00000)]
  0x000001525590f000 JavaThread "Unconstrained build operations Thread 25" [_thread_blocked, id=51784, stack(0x000000145ec00000,0x000000145ed00000)]
  0x0000015255915800 JavaThread "Unconstrained build operations Thread 26" [_thread_blocked, id=54120, stack(0x000000145ed00000,0x000000145ee00000)]
  0x0000015255911000 JavaThread "Unconstrained build operations Thread 27" [_thread_blocked, id=47784, stack(0x000000145ee00000,0x000000145ef00000)]
  0x0000015255910000 JavaThread "Unconstrained build operations Thread 28" [_thread_blocked, id=60996, stack(0x000000145ef00000,0x000000145f000000)]
  0x0000015255912800 JavaThread "Unconstrained build operations Thread 29" [_thread_blocked, id=53412, stack(0x000000145f000000,0x000000145f100000)]
  0x0000015255916800 JavaThread "Unconstrained build operations Thread 30" [_thread_blocked, id=60868, stack(0x000000145f100000,0x000000145f200000)]
  0x0000015255917800 JavaThread "Unconstrained build operations Thread 31" [_thread_blocked, id=1304, stack(0x000000145f200000,0x000000145f300000)]
  0x0000015255913800 JavaThread "Unconstrained build operations Thread 32" [_thread_blocked, id=17612, stack(0x000000145f300000,0x000000145f400000)]
  0x0000015255911800 JavaThread "Unconstrained build operations Thread 33" [_thread_blocked, id=18020, stack(0x000000145f400000,0x000000145f500000)]
  0x000001525591a800 JavaThread "Unconstrained build operations Thread 34" [_thread_blocked, id=16788, stack(0x000000145f500000,0x000000145f600000)]
  0x000001525591a000 JavaThread "Unconstrained build operations Thread 35" [_thread_blocked, id=60944, stack(0x000000145f600000,0x000000145f700000)]
  0x0000015255918000 JavaThread "Unconstrained build operations Thread 36" [_thread_blocked, id=21992, stack(0x000000145f700000,0x000000145f800000)]
  0x000001525591e000 JavaThread "Unconstrained build operations Thread 37" [_thread_blocked, id=14540, stack(0x000000145f800000,0x000000145f900000)]
  0x000001525591c800 JavaThread "Unconstrained build operations Thread 38" [_thread_blocked, id=35404, stack(0x000000145f900000,0x000000145fa00000)]
  0x0000015255919000 JavaThread "Unconstrained build operations Thread 39" [_thread_blocked, id=24836, stack(0x000000145fa00000,0x000000145fb00000)]
  0x000001525591b800 JavaThread "Unconstrained build operations Thread 40" [_thread_blocked, id=15376, stack(0x000000145fb00000,0x000000145fc00000)]
  0x000001525591d000 JavaThread "Unconstrained build operations Thread 41" [_thread_blocked, id=16632, stack(0x000000145fc00000,0x000000145fd00000)]
  0x0000015255ed0800 JavaThread "Unconstrained build operations Thread 42" [_thread_blocked, id=56260, stack(0x000000145fd00000,0x000000145fe00000)]
  0x0000015255ecf000 JavaThread "Unconstrained build operations Thread 43" [_thread_blocked, id=38440, stack(0x000000145fe00000,0x000000145ff00000)]
  0x0000015255ed1800 JavaThread "Unconstrained build operations Thread 44" [_thread_blocked, id=27036, stack(0x000000145ff00000,0x0000001460000000)]
  0x0000015255ecf800 JavaThread "Unconstrained build operations Thread 45" [_thread_blocked, id=58668, stack(0x0000001460000000,0x0000001460100000)]
  0x0000015255ece000 JavaThread "Unconstrained build operations Thread 46" [_thread_blocked, id=50828, stack(0x0000001460100000,0x0000001460200000)]
  0x0000015255ed2000 JavaThread "Unconstrained build operations Thread 47" [_thread_blocked, id=48280, stack(0x0000001460200000,0x0000001460300000)]
  0x0000015255ed3000 JavaThread "Unconstrained build operations Thread 48" [_thread_blocked, id=54720, stack(0x0000001460300000,0x0000001460400000)]
  0x0000015255ecd800 JavaThread "Unconstrained build operations Thread 49" [_thread_blocked, id=49628, stack(0x0000001460400000,0x0000001460500000)]
  0x0000015255ed7000 JavaThread "Unconstrained build operations Thread 50" [_thread_blocked, id=6748, stack(0x0000001460500000,0x0000001460600000)]
  0x0000015255ed5800 JavaThread "Unconstrained build operations Thread 51" [_thread_blocked, id=7696, stack(0x0000001460600000,0x0000001460700000)]
  0x0000015255ed8000 JavaThread "Unconstrained build operations Thread 52" [_thread_blocked, id=25796, stack(0x0000001460700000,0x0000001460800000)]
  0x0000015255ed6800 JavaThread "Unconstrained build operations Thread 53" [_thread_blocked, id=41180, stack(0x0000001460800000,0x0000001460900000)]
  0x0000015255ed4800 JavaThread "Unconstrained build operations Thread 54" [_thread_blocked, id=10360, stack(0x0000001460900000,0x0000001460a00000)]
  0x0000015255ed8800 JavaThread "Unconstrained build operations Thread 55" [_thread_blocked, id=31112, stack(0x0000001460a00000,0x0000001460b00000)]
  0x0000015255ed9800 JavaThread "Unconstrained build operations Thread 56" [_thread_blocked, id=17800, stack(0x0000001460b00000,0x0000001460c00000)]
  0x0000015255ed4000 JavaThread "Unconstrained build operations Thread 57" [_thread_blocked, id=11952, stack(0x0000001460c00000,0x0000001460d00000)]
  0x0000015255eda800 JavaThread "Unconstrained build operations Thread 58" [_thread_blocked, id=6616, stack(0x0000001460d00000,0x0000001460e00000)]
  0x0000015255edb000 JavaThread "Unconstrained build operations Thread 59" [_thread_blocked, id=29148, stack(0x0000001460e00000,0x0000001460f00000)]
  0x0000015255edc000 JavaThread "Unconstrained build operations Thread 60" [_thread_blocked, id=28084, stack(0x0000001460f00000,0x0000001461000000)]
  0x0000015255b76800 JavaThread "Unconstrained build operations Thread 61" [_thread_blocked, id=60048, stack(0x0000001461000000,0x0000001461100000)]
  0x0000015255b75800 JavaThread "Unconstrained build operations Thread 62" [_thread_blocked, id=48112, stack(0x0000001461100000,0x0000001461200000)]
  0x0000015255b79000 JavaThread "Unconstrained build operations Thread 63" [_thread_blocked, id=45368, stack(0x0000001461200000,0x0000001461300000)]
  0x0000015255b77800 JavaThread "Unconstrained build operations Thread 64" [_thread_blocked, id=45352, stack(0x0000001461300000,0x0000001461400000)]
  0x0000015255b75000 JavaThread "Unconstrained build operations Thread 65" [_thread_blocked, id=58204, stack(0x0000001461400000,0x0000001461500000)]
  0x0000015255b78000 JavaThread "Unconstrained build operations Thread 66" [_thread_blocked, id=64036, stack(0x0000001461500000,0x0000001461600000)]
  0x0000015255b74000 JavaThread "Unconstrained build operations Thread 67" [_thread_blocked, id=41456, stack(0x0000001461600000,0x0000001461700000)]
  0x0000015255b73000 JavaThread "Unconstrained build operations Thread 68" [_thread_blocked, id=48952, stack(0x0000001461700000,0x0000001461800000)]
  0x0000015255b7e000 JavaThread "Unconstrained build operations Thread 69" [_thread_blocked, id=3876, stack(0x0000001461800000,0x0000001461900000)]
  0x0000015255b7d000 JavaThread "Unconstrained build operations Thread 70" [_thread_blocked, id=65148, stack(0x0000001461900000,0x0000001461a00000)]
  0x0000015255b7b800 JavaThread "Unconstrained build operations Thread 71" [_thread_blocked, id=66728, stack(0x0000001461a00000,0x0000001461b00000)]
  0x0000015255b7a800 JavaThread "Unconstrained build operations Thread 72" [_thread_blocked, id=39408, stack(0x0000001461b00000,0x0000001461c00000)]
  0x0000015255b7c000 JavaThread "Unconstrained build operations Thread 73" [_thread_blocked, id=13544, stack(0x0000001461c00000,0x0000001461d00000)]
  0x0000015255b7e800 JavaThread "Unconstrained build operations Thread 74" [_thread_blocked, id=36380, stack(0x0000001461d00000,0x0000001461e00000)]
  0x0000015255b7a000 JavaThread "Unconstrained build operations Thread 75" [_thread_blocked, id=33800, stack(0x0000001461e00000,0x0000001461f00000)]
  0x0000015255b7f800 JavaThread "Unconstrained build operations Thread 76" [_thread_blocked, id=59464, stack(0x0000001461f00000,0x0000001462000000)]
  0x0000015255b80800 JavaThread "Unconstrained build operations Thread 77" [_thread_blocked, id=33736, stack(0x0000001462000000,0x0000001462100000)]
  0x0000015255b81000 JavaThread "Unconstrained build operations Thread 78" [_thread_blocked, id=39680, stack(0x0000001462100000,0x0000001462200000)]
  0x0000015255b82000 JavaThread "Unconstrained build operations Thread 79" [_thread_blocked, id=45196, stack(0x0000001462200000,0x0000001462300000)]
  0x0000015256dbd800 JavaThread "Unconstrained build operations Thread 80" [_thread_blocked, id=36372, stack(0x0000001462300000,0x0000001462400000)]
  0x0000015256dc1000 JavaThread "Unconstrained build operations Thread 81" [_thread_blocked, id=67148, stack(0x0000001462400000,0x0000001462500000)]
  0x0000015256dbc800 JavaThread "Unconstrained build operations Thread 82" [_thread_blocked, id=55424, stack(0x0000001462500000,0x0000001462600000)]
  0x0000015256dc4000 JavaThread "Unconstrained build operations Thread 83" [_thread_blocked, id=29272, stack(0x0000001462600000,0x0000001462700000)]
  0x0000015256dc1800 JavaThread "Unconstrained build operations Thread 84" [_thread_blocked, id=33176, stack(0x0000001462700000,0x0000001462800000)]
  0x0000015256dc2800 JavaThread "Unconstrained build operations Thread 85" [_thread_blocked, id=24160, stack(0x0000001462800000,0x0000001462900000)]
  0x0000015256dbe800 JavaThread "Unconstrained build operations Thread 86" [_thread_blocked, id=29096, stack(0x0000001462900000,0x0000001462a00000)]
  0x0000015256dc0000 JavaThread "Unconstrained build operations Thread 87" [_thread_blocked, id=11588, stack(0x0000001462a00000,0x0000001462b00000)]
  0x0000015256dc3000 JavaThread "Unconstrained build operations Thread 88" [_thread_blocked, id=62676, stack(0x0000001462b00000,0x0000001462c00000)]
  0x0000015256dc5000 JavaThread "Unconstrained build operations Thread 89" [_thread_blocked, id=42620, stack(0x0000001462c00000,0x0000001462d00000)]
  0x0000015256dbf000 JavaThread "Unconstrained build operations Thread 90" [_thread_blocked, id=41784, stack(0x0000001462d00000,0x0000001462e00000)]
  0x0000015256dc5800 JavaThread "Unconstrained build operations Thread 91" [_thread_blocked, id=58512, stack(0x0000001462e00000,0x0000001462f00000)]
  0x0000015256dc9000 JavaThread "Unconstrained build operations Thread 92" [_thread_blocked, id=53872, stack(0x0000001462f00000,0x0000001463000000)]
  0x0000015256dcb800 JavaThread "Unconstrained build operations Thread 93" [_thread_blocked, id=31952, stack(0x0000001463000000,0x0000001463100000)]
  0x0000015256dca800 JavaThread "Unconstrained build operations Thread 94" [_thread_blocked, id=59512, stack(0x0000001463100000,0x0000001463200000)]
  0x0000015256dc9800 JavaThread "Unconstrained build operations Thread 95" [_thread_blocked, id=8408, stack(0x0000001463200000,0x0000001463300000)]
  0x0000015256dc6800 JavaThread "Unconstrained build operations Thread 96" [_thread_blocked, id=39796, stack(0x0000001463300000,0x0000001463400000)]
  0x0000015256dc7800 JavaThread "Unconstrained build operations Thread 97" [_thread_blocked, id=26228, stack(0x0000001463400000,0x0000001463500000)]
  0x0000015256dc8000 JavaThread "Unconstrained build operations Thread 98" [_thread_blocked, id=26864, stack(0x0000001463500000,0x0000001463600000)]
  0x0000015256df7000 JavaThread "Unconstrained build operations Thread 99" [_thread_blocked, id=38648, stack(0x0000001463600000,0x0000001463700000)]
  0x0000015256df5800 JavaThread "Unconstrained build operations Thread 100" [_thread_blocked, id=41304, stack(0x0000001463700000,0x0000001463800000)]
  0x0000015256dfa800 JavaThread "Unconstrained build operations Thread 101" [_thread_blocked, id=46972, stack(0x0000001463800000,0x0000001463900000)]
  0x0000015256df6800 JavaThread "Unconstrained build operations Thread 102" [_thread_blocked, id=34968, stack(0x0000001463900000,0x0000001463a00000)]
  0x0000015256df9000 JavaThread "Unconstrained build operations Thread 103" [_thread_blocked, id=18396, stack(0x0000001463a00000,0x0000001463b00000)]
  0x0000015256df4800 JavaThread "Unconstrained build operations Thread 104" [_thread_blocked, id=19068, stack(0x0000001463b00000,0x0000001463c00000)]
  0x0000015256dfd800 JavaThread "Unconstrained build operations Thread 105" [_thread_blocked, id=3872, stack(0x0000001463c00000,0x0000001463d00000)]
  0x0000015256df8000 JavaThread "Unconstrained build operations Thread 106" [_thread_blocked, id=13044, stack(0x0000001463d00000,0x0000001463e00000)]
  0x0000015256dfb000 JavaThread "Unconstrained build operations Thread 107" [_thread_blocked, id=36576, stack(0x0000001463e00000,0x0000001463f00000)]
  0x0000015256dfe800 JavaThread "Unconstrained build operations Thread 108" [_thread_blocked, id=27532, stack(0x0000001463f00000,0x0000001464000000)]
  0x0000015256dff800 JavaThread "Unconstrained build operations Thread 109" [_thread_blocked, id=6424, stack(0x0000001464000000,0x0000001464100000)]
  0x0000015256df9800 JavaThread "Unconstrained build operations Thread 110" [_thread_blocked, id=46260, stack(0x0000001464100000,0x0000001464200000)]
  0x0000015256dfc000 JavaThread "Unconstrained build operations Thread 111" [_thread_blocked, id=42188, stack(0x0000001464200000,0x0000001464300000)]
  0x0000015256e00000 JavaThread "Unconstrained build operations Thread 112" [_thread_blocked, id=42964, stack(0x0000001464300000,0x0000001464400000)]
  0x0000015256e01000 JavaThread "Unconstrained build operations Thread 113" [_thread_blocked, id=7812, stack(0x0000001464400000,0x0000001464500000)]
  0x0000015256dfd000 JavaThread "Unconstrained build operations Thread 114" [_thread_blocked, id=35616, stack(0x0000001464500000,0x0000001464600000)]
  0x0000015256e02000 JavaThread "Unconstrained build operations Thread 115" [_thread_blocked, id=31600, stack(0x0000001464600000,0x0000001464700000)]
  0x0000015256e02800 JavaThread "Unconstrained build operations Thread 116" [_thread_blocked, id=17572, stack(0x0000001464700000,0x0000001464800000)]
  0x0000015256e03800 JavaThread "Unconstrained build operations Thread 117" [_thread_blocked, id=50628, stack(0x0000001464800000,0x0000001464900000)]
  0x0000015255c13000 JavaThread "Unconstrained build operations Thread 118" [_thread_blocked, id=65460, stack(0x0000001464900000,0x0000001464a00000)]
  0x0000015255c12000 JavaThread "Unconstrained build operations Thread 119" [_thread_blocked, id=65100, stack(0x0000001464a00000,0x0000001464b00000)]
  0x0000015255c11800 JavaThread "Unconstrained build operations Thread 120" [_thread_blocked, id=35204, stack(0x0000001464b00000,0x0000001464c00000)]
  0x0000015255c19800 JavaThread "jar transforms Thread 4" [_thread_blocked, id=43080, stack(0x0000001464d00000,0x0000001464e00000)]
  0x0000015255c18800 JavaThread "jar transforms Thread 5" [_thread_blocked, id=46412, stack(0x0000001464e00000,0x0000001464f00000)]
  0x0000015255c13800 JavaThread "jar transforms Thread 6" [_thread_blocked, id=18744, stack(0x0000001464f00000,0x0000001465000000)]
  0x0000015255c17000 JavaThread "jar transforms Thread 7" [_thread_blocked, id=39344, stack(0x0000001465000000,0x0000001465100000)]
  0x0000015255c1a000 JavaThread "jar transforms Thread 8" [_thread_blocked, id=62336, stack(0x0000001465100000,0x0000001465200000)]
  0x0000015255c14800 JavaThread "jar transforms Thread 9" [_thread_blocked, id=19260, stack(0x0000001465200000,0x0000001465300000)]
  0x0000015255c1b000 JavaThread "jar transforms Thread 10" [_thread_blocked, id=10936, stack(0x0000001465300000,0x0000001465400000)]
  0x0000015255c15800 JavaThread "jar transforms Thread 11" [_thread_blocked, id=42180, stack(0x0000001465400000,0x0000001465500000)]
  0x0000015255c16000 JavaThread "jar transforms Thread 12" [_thread_blocked, id=2464, stack(0x0000001465500000,0x0000001465600000)]
  0x0000015253bc7000 JavaThread "C2 CompilerThread1" daemon [_thread_in_native, id=62508, stack(0x000000145ce00000,0x000000145cf00000)]
  0x0000015255971800 JavaThread "C2 CompilerThread2" daemon [_thread_in_native, id=34532, stack(0x0000001464c00000,0x0000001464d00000)]

Other Threads:
  0x000001524fd70800 VMThread "VM Thread" [stack: 0x000000145a300000,0x000000145a400000] [id=25352]
  0x000001524ff82800 WatcherThread [stack: 0x000000145ad00000,0x000000145ae00000] [id=54440]
  0x0000015234c50000 GCTaskThread "GC Thread#0" [stack: 0x0000001459e00000,0x0000001459f00000] [id=39752]
  0x0000015251019800 GCTaskThread "GC Thread#1" [stack: 0x000000145b000000,0x000000145b100000] [id=24188]
  0x0000015250a7d000 GCTaskThread "GC Thread#2" [stack: 0x000000145b100000,0x000000145b200000] [id=21020]
  0x0000015250b53000 GCTaskThread "GC Thread#3" [stack: 0x000000145b200000,0x000000145b300000] [id=6760]
  0x0000015250692000 GCTaskThread "GC Thread#4" [stack: 0x000000145b300000,0x000000145b400000] [id=67060]
  0x0000015250d5f800 GCTaskThread "GC Thread#5" [stack: 0x000000145b400000,0x000000145b500000] [id=56008]
  0x0000015252f78000 GCTaskThread "GC Thread#6" [stack: 0x000000145c000000,0x000000145c100000] [id=45360]
  0x0000015252f79800 GCTaskThread "GC Thread#7" [stack: 0x000000145c100000,0x000000145c200000] [id=18656]
  0x0000015252f76800 GCTaskThread "GC Thread#8" [stack: 0x000000145c200000,0x000000145c300000] [id=32712]
  0x0000015252f77000 GCTaskThread "GC Thread#9" [stack: 0x000000145c300000,0x000000145c400000] [id=20916]
  0x000001524c808800 ConcurrentGCThread "G1 Main Marker" [stack: 0x0000001459f00000,0x000000145a000000] [id=41316]
  0x000001524c80a800 ConcurrentGCThread "G1 Conc#0" [stack: 0x000000145a000000,0x000000145a100000] [id=20352]
  0x0000015252f78800 ConcurrentGCThread "G1 Conc#1" [stack: 0x000000145c400000,0x000000145c500000] [id=6832]
  0x00000152529a0800 ConcurrentGCThread "G1 Conc#2" [stack: 0x000000145c500000,0x000000145c600000] [id=19392]
  0x000001524c920800 ConcurrentGCThread "G1 Refine#0" [stack: 0x000000145a100000,0x000000145a200000] [id=47988]
  0x000001524c921800 ConcurrentGCThread "G1 Young RemSet Sampling" [stack: 0x000000145a200000,0x000000145a300000] [id=59160]

Threads with active compile tasks:
C2 CompilerThread0   9699 5389       4       java.util.zip.ZipFile$Source::initCEN (697 bytes)
C2 CompilerThread1   9700 5399       4       java.util.regex.Pattern::compile (498 bytes)
C2 CompilerThread2   9700 5477 % !   4       java.util.jar.Attributes::read @ 186 (390 bytes)

VM state:not at safepoint (normal execution)

VM Mutex/Monitor currently owned by a thread: None

Heap address: 0x0000000080000000, size: 2048 MB, Compressed Oops mode: 32-bit
Narrow klass base: 0x0000000000000000, Narrow klass shift: 3
Compressed class space size: 1073741824 Address: 0x0000000100000000

Heap:
 garbage-first heap   total 260096K, used 153036K [0x0000000080000000, 0x0000000100000000)
  region size 1024K, 128 young (131072K), 14 survivors (14336K)
 Metaspace       used 49168K, capacity 50511K, committed 50812K, reserved 1093632K
  class space    used 6289K, capacity 6794K, committed 6912K, reserved 1048576K
Heap Regions: E=young(eden), S=young(survivor), O=old, HS=humongous(starts), HC=humongous(continues), CS=collection set, F=free, A=archive, TAMS=top-at-mark-start (previous, next)
|   0|0x0000000080000000, 0x0000000080100000, 0x0000000080100000|100%| O|  |TAMS 0x0000000080100000, 0x0000000080000000| Untracked 
|   1|0x0000000080100000, 0x0000000080200000, 0x0000000080200000|100%| O|  |TAMS 0x0000000080200000, 0x0000000080100000| Untracked 
|   2|0x0000000080200000, 0x0000000080300000, 0x0000000080300000|100%| O|  |TAMS 0x0000000080300000, 0x0000000080200000| Untracked 
|   3|0x0000000080300000, 0x0000000080400000, 0x0000000080400000|100%|HS|  |TAMS 0x0000000080400000, 0x0000000080300000| Complete 
|   4|0x0000000080400000, 0x0000000080500000, 0x0000000080500000|100%|HC|  |TAMS 0x0000000080500000, 0x0000000080400000| Complete 
|   5|0x0000000080500000, 0x0000000080600000, 0x0000000080600000|100%|HC|  |TAMS 0x0000000080600000, 0x0000000080500000| Complete 
|   6|0x0000000080600000, 0x0000000080700000, 0x0000000080700000|100%| O|  |TAMS 0x0000000080700000, 0x0000000080600000| Untracked 
|   7|0x0000000080700000, 0x0000000080800000, 0x0000000080800000|100%| O|  |TAMS 0x0000000080800000, 0x0000000080700000| Untracked 
|   8|0x0000000080800000, 0x0000000080900000, 0x0000000080900000|100%| O|  |TAMS 0x0000000080900000, 0x0000000080800000| Untracked 
|   9|0x0000000080900000, 0x0000000080a00000, 0x0000000080a00000|100%| O|  |TAMS 0x0000000080a00000, 0x0000000080900000| Untracked 
|  10|0x0000000080a00000, 0x0000000080b00000, 0x0000000080b00000|100%| O|  |TAMS 0x0000000080b00000, 0x0000000080a00000| Untracked 
|  11|0x0000000080b00000, 0x0000000080c00000, 0x0000000080c00000|100%| O|  |TAMS 0x0000000080c00000, 0x0000000080b00000| Untracked 
|  12|0x0000000080c00000, 0x0000000080d00000, 0x0000000080d00000|100%| O|  |TAMS 0x0000000080d00000, 0x0000000080c00000| Untracked 
|  13|0x0000000080d00000, 0x0000000080e00000, 0x0000000080e00000|100%| O|  |TAMS 0x0000000080e00000, 0x0000000080d00000| Untracked 
|  14|0x0000000080e00000, 0x0000000080f00000, 0x0000000080f00000|100%| O|  |TAMS 0x0000000080f00000, 0x0000000080e00000| Untracked 
|  15|0x0000000080f00000, 0x0000000080ffd600, 0x0000000081000000| 98%| O|  |TAMS 0x0000000080ffd600, 0x0000000080f00000| Untracked 
|  16|0x0000000081000000, 0x0000000081100000, 0x0000000081100000|100%|HS|  |TAMS 0x0000000081000000, 0x0000000081000000| Complete 
|  17|0x0000000081100000, 0x0000000081200000, 0x0000000081200000|100%|HS|  |TAMS 0x0000000081100000, 0x0000000081100000| Complete 
|  18|0x0000000081200000, 0x0000000081300000, 0x0000000081300000|100%|HS|  |TAMS 0x0000000081200000, 0x0000000081200000| Complete 
|  19|0x0000000081300000, 0x0000000081400000, 0x0000000081400000|100%|HS|  |TAMS 0x0000000081300000, 0x0000000081300000| Complete 
|  20|0x0000000081400000, 0x0000000081500000, 0x0000000081500000|100%|HC|  |TAMS 0x0000000081400000, 0x0000000081400000| Complete 
|  21|0x0000000081500000, 0x0000000081600000, 0x0000000081600000|100%|HC|  |TAMS 0x0000000081500000, 0x0000000081500000| Complete 
|  22|0x0000000081600000, 0x0000000081700000, 0x0000000081700000|100%|HS|  |TAMS 0x0000000081600000, 0x0000000081600000| Complete 
|  23|0x0000000081700000, 0x0000000081800000, 0x0000000081800000|100%|HC|  |TAMS 0x0000000081700000, 0x0000000081700000| Complete 
|  24|0x0000000081800000, 0x0000000081800000, 0x0000000081900000|  0%| F|  |TAMS 0x0000000081800000, 0x0000000081800000| Untracked 
|  25|0x0000000081900000, 0x0000000081900000, 0x0000000081a00000|  0%| F|  |TAMS 0x0000000081900000, 0x0000000081900000| Untracked 
|  26|0x0000000081a00000, 0x0000000081a00000, 0x0000000081b00000|  0%| F|  |TAMS 0x0000000081a00000, 0x0000000081a00000| Untracked 
|  27|0x0000000081b00000, 0x0000000081b00000, 0x0000000081c00000|  0%| F|  |TAMS 0x0000000081b00000, 0x0000000081b00000| Untracked 
|  28|0x0000000081c00000, 0x0000000081c00000, 0x0000000081d00000|  0%| F|  |TAMS 0x0000000081c00000, 0x0000000081c00000| Untracked 
|  29|0x0000000081d00000, 0x0000000081d00000, 0x0000000081e00000|  0%| F|  |TAMS 0x0000000081d00000, 0x0000000081d00000| Untracked 
|  30|0x0000000081e00000, 0x0000000081e00000, 0x0000000081f00000|  0%| F|  |TAMS 0x0000000081e00000, 0x0000000081e00000| Untracked 
|  31|0x0000000081f00000, 0x0000000081f00000, 0x0000000082000000|  0%| F|  |TAMS 0x0000000081f00000, 0x0000000081f00000| Untracked 
|  32|0x0000000082000000, 0x0000000082000000, 0x0000000082100000|  0%| F|  |TAMS 0x0000000082000000, 0x0000000082000000| Untracked 
|  33|0x0000000082100000, 0x0000000082100000, 0x0000000082200000|  0%| F|  |TAMS 0x0000000082100000, 0x0000000082100000| Untracked 
|  34|0x0000000082200000, 0x0000000082200000, 0x0000000082300000|  0%| F|  |TAMS 0x0000000082200000, 0x0000000082200000| Untracked 
|  35|0x0000000082300000, 0x0000000082300000, 0x0000000082400000|  0%| F|  |TAMS 0x0000000082300000, 0x0000000082300000| Untracked 
|  36|0x0000000082400000, 0x0000000082400000, 0x0000000082500000|  0%| F|  |TAMS 0x0000000082400000, 0x0000000082400000| Untracked 
|  37|0x0000000082500000, 0x0000000082500000, 0x0000000082600000|  0%| F|  |TAMS 0x0000000082500000, 0x0000000082500000| Untracked 
|  38|0x0000000082600000, 0x0000000082600000, 0x0000000082700000|  0%| F|  |TAMS 0x0000000082600000, 0x0000000082600000| Untracked 
|  39|0x0000000082700000, 0x0000000082700000, 0x0000000082800000|  0%| F|  |TAMS 0x0000000082700000, 0x0000000082700000| Untracked 
|  40|0x0000000082800000, 0x0000000082800000, 0x0000000082900000|  0%| F|  |TAMS 0x0000000082800000, 0x0000000082800000| Untracked 
|  41|0x0000000082900000, 0x0000000082900000, 0x0000000082a00000|  0%| F|  |TAMS 0x0000000082900000, 0x0000000082900000| Untracked 
|  42|0x0000000082a00000, 0x0000000082a00000, 0x0000000082b00000|  0%| F|  |TAMS 0x0000000082a00000, 0x0000000082a00000| Untracked 
|  43|0x0000000082b00000, 0x0000000082b00000, 0x0000000082c00000|  0%| F|  |TAMS 0x0000000082b00000, 0x0000000082b00000| Untracked 
|  44|0x0000000082c00000, 0x0000000082c00000, 0x0000000082d00000|  0%| F|  |TAMS 0x0000000082c00000, 0x0000000082c00000| Untracked 
|  45|0x0000000082d00000, 0x0000000082d00000, 0x0000000082e00000|  0%| F|  |TAMS 0x0000000082d00000, 0x0000000082d00000| Untracked 
|  46|0x0000000082e00000, 0x0000000082e00000, 0x0000000082f00000|  0%| F|  |TAMS 0x0000000082e00000, 0x0000000082e00000| Untracked 
|  47|0x0000000082f00000, 0x0000000082f00000, 0x0000000083000000|  0%| F|  |TAMS 0x0000000082f00000, 0x0000000082f00000| Untracked 
|  48|0x0000000083000000, 0x0000000083000000, 0x0000000083100000|  0%| F|  |TAMS 0x0000000083000000, 0x0000000083000000| Untracked 
|  49|0x0000000083100000, 0x0000000083100000, 0x0000000083200000|  0%| F|  |TAMS 0x0000000083100000, 0x0000000083100000| Untracked 
|  50|0x0000000083200000, 0x0000000083200000, 0x0000000083300000|  0%| F|  |TAMS 0x0000000083200000, 0x0000000083200000| Untracked 
|  51|0x0000000083300000, 0x0000000083300000, 0x0000000083400000|  0%| F|  |TAMS 0x0000000083300000, 0x0000000083300000| Untracked 
|  52|0x0000000083400000, 0x0000000083400000, 0x0000000083500000|  0%| F|  |TAMS 0x0000000083400000, 0x0000000083400000| Untracked 
|  53|0x0000000083500000, 0x0000000083500000, 0x0000000083600000|  0%| F|  |TAMS 0x0000000083500000, 0x0000000083500000| Untracked 
|  54|0x0000000083600000, 0x0000000083600000, 0x0000000083700000|  0%| F|  |TAMS 0x0000000083600000, 0x0000000083600000| Untracked 
|  55|0x0000000083700000, 0x0000000083700000, 0x0000000083800000|  0%| F|  |TAMS 0x0000000083700000, 0x0000000083700000| Untracked 
|  56|0x0000000083800000, 0x0000000083800000, 0x0000000083900000|  0%| F|  |TAMS 0x0000000083800000, 0x0000000083800000| Untracked 
|  57|0x0000000083900000, 0x0000000083900000, 0x0000000083a00000|  0%| F|  |TAMS 0x0000000083900000, 0x0000000083900000| Untracked 
|  58|0x0000000083a00000, 0x0000000083a00000, 0x0000000083b00000|  0%| F|  |TAMS 0x0000000083a00000, 0x0000000083a00000| Untracked 
|  59|0x0000000083b00000, 0x0000000083b00000, 0x0000000083c00000|  0%| F|  |TAMS 0x0000000083b00000, 0x0000000083b00000| Untracked 
|  60|0x0000000083c00000, 0x0000000083c00000, 0x0000000083d00000|  0%| F|  |TAMS 0x0000000083c00000, 0x0000000083c00000| Untracked 
|  61|0x0000000083d00000, 0x0000000083d00000, 0x0000000083e00000|  0%| F|  |TAMS 0x0000000083d00000, 0x0000000083d00000| Untracked 
|  62|0x0000000083e00000, 0x0000000083e00000, 0x0000000083f00000|  0%| F|  |TAMS 0x0000000083e00000, 0x0000000083e00000| Untracked 
|  63|0x0000000083f00000, 0x0000000083f00000, 0x0000000084000000|  0%| F|  |TAMS 0x0000000083f00000, 0x0000000083f00000| Untracked 
|  64|0x0000000084000000, 0x0000000084000000, 0x0000000084100000|  0%| F|  |TAMS 0x0000000084000000, 0x0000000084000000| Untracked 
|  65|0x0000000084100000, 0x0000000084100000, 0x0000000084200000|  0%| F|  |TAMS 0x0000000084100000, 0x0000000084100000| Untracked 
|  66|0x0000000084200000, 0x0000000084200000, 0x0000000084300000|  0%| F|  |TAMS 0x0000000084200000, 0x0000000084200000| Untracked 
|  67|0x0000000084300000, 0x0000000084300000, 0x0000000084400000|  0%| F|  |TAMS 0x0000000084300000, 0x0000000084300000| Untracked 
|  68|0x0000000084400000, 0x0000000084400000, 0x0000000084500000|  0%| F|  |TAMS 0x0000000084400000, 0x0000000084400000| Untracked 
|  69|0x0000000084500000, 0x0000000084500000, 0x0000000084600000|  0%| F|  |TAMS 0x0000000084500000, 0x0000000084500000| Untracked 
|  70|0x0000000084600000, 0x0000000084600000, 0x0000000084700000|  0%| F|  |TAMS 0x0000000084600000, 0x0000000084600000| Untracked 
|  71|0x0000000084700000, 0x0000000084700000, 0x0000000084800000|  0%| F|  |TAMS 0x0000000084700000, 0x0000000084700000| Untracked 
|  72|0x0000000084800000, 0x0000000084800000, 0x0000000084900000|  0%| F|  |TAMS 0x0000000084800000, 0x0000000084800000| Untracked 
|  73|0x0000000084900000, 0x0000000084900000, 0x0000000084a00000|  0%| F|  |TAMS 0x0000000084900000, 0x0000000084900000| Untracked 
|  74|0x0000000084a00000, 0x0000000084a00000, 0x0000000084b00000|  0%| F|  |TAMS 0x0000000084a00000, 0x0000000084a00000| Untracked 
|  75|0x0000000084b00000, 0x0000000084b00000, 0x0000000084c00000|  0%| F|  |TAMS 0x0000000084b00000, 0x0000000084b00000| Untracked 
|  76|0x0000000084c00000, 0x0000000084c00000, 0x0000000084d00000|  0%| F|  |TAMS 0x0000000084c00000, 0x0000000084c00000| Untracked 
|  77|0x0000000084d00000, 0x0000000084d00000, 0x0000000084e00000|  0%| F|  |TAMS 0x0000000084d00000, 0x0000000084d00000| Untracked 
|  78|0x0000000084e00000, 0x0000000084e00000, 0x0000000084f00000|  0%| F|  |TAMS 0x0000000084e00000, 0x0000000084e00000| Untracked 
|  79|0x0000000084f00000, 0x0000000084f00000, 0x0000000085000000|  0%| F|  |TAMS 0x0000000084f00000, 0x0000000084f00000| Untracked 
|  80|0x0000000085000000, 0x0000000085000000, 0x0000000085100000|  0%| F|  |TAMS 0x0000000085000000, 0x0000000085000000| Untracked 
|  81|0x0000000085100000, 0x0000000085100000, 0x0000000085200000|  0%| F|  |TAMS 0x0000000085100000, 0x0000000085100000| Untracked 
|  82|0x0000000085200000, 0x0000000085200000, 0x0000000085300000|  0%| F|  |TAMS 0x0000000085200000, 0x0000000085200000| Untracked 
|  83|0x0000000085300000, 0x0000000085300000, 0x0000000085400000|  0%| F|  |TAMS 0x0000000085300000, 0x0000000085300000| Untracked 
|  84|0x0000000085400000, 0x0000000085400000, 0x0000000085500000|  0%| F|  |TAMS 0x0000000085400000, 0x0000000085400000| Untracked 
|  85|0x0000000085500000, 0x0000000085500000, 0x0000000085600000|  0%| F|  |TAMS 0x0000000085500000, 0x0000000085500000| Untracked 
|  86|0x0000000085600000, 0x0000000085600000, 0x0000000085700000|  0%| F|  |TAMS 0x0000000085600000, 0x0000000085600000| Untracked 
|  87|0x0000000085700000, 0x0000000085700000, 0x0000000085800000|  0%| F|  |TAMS 0x0000000085700000, 0x0000000085700000| Untracked 
|  88|0x0000000085800000, 0x0000000085800000, 0x0000000085900000|  0%| F|  |TAMS 0x0000000085800000, 0x0000000085800000| Untracked 
|  89|0x0000000085900000, 0x0000000085900000, 0x0000000085a00000|  0%| F|  |TAMS 0x0000000085900000, 0x0000000085900000| Untracked 
|  90|0x0000000085a00000, 0x0000000085a00000, 0x0000000085b00000|  0%| F|  |TAMS 0x0000000085a00000, 0x0000000085a00000| Untracked 
|  91|0x0000000085b00000, 0x0000000085b00000, 0x0000000085c00000|  0%| F|  |TAMS 0x0000000085b00000, 0x0000000085b00000| Untracked 
|  92|0x0000000085c00000, 0x0000000085c00000, 0x0000000085d00000|  0%| F|  |TAMS 0x0000000085c00000, 0x0000000085c00000| Untracked 
|  93|0x0000000085d00000, 0x0000000085d00000, 0x0000000085e00000|  0%| F|  |TAMS 0x0000000085d00000, 0x0000000085d00000| Untracked 
|  94|0x0000000085e00000, 0x0000000085e00000, 0x0000000085f00000|  0%| F|  |TAMS 0x0000000085e00000, 0x0000000085e00000| Untracked 
|  95|0x0000000085f00000, 0x0000000085f00000, 0x0000000086000000|  0%| F|  |TAMS 0x0000000085f00000, 0x0000000085f00000| Untracked 
|  96|0x0000000086000000, 0x0000000086000000, 0x0000000086100000|  0%| F|  |TAMS 0x0000000086000000, 0x0000000086000000| Untracked 
|  97|0x0000000086100000, 0x0000000086100000, 0x0000000086200000|  0%| F|  |TAMS 0x0000000086100000, 0x0000000086100000| Untracked 
|  98|0x0000000086200000, 0x0000000086200000, 0x0000000086300000|  0%| F|  |TAMS 0x0000000086200000, 0x0000000086200000| Untracked 
|  99|0x0000000086300000, 0x0000000086300000, 0x0000000086400000|  0%| F|  |TAMS 0x0000000086300000, 0x0000000086300000| Untracked 
| 100|0x0000000086400000, 0x0000000086400000, 0x0000000086500000|  0%| F|  |TAMS 0x0000000086400000, 0x0000000086400000| Untracked 
| 101|0x0000000086500000, 0x0000000086500000, 0x0000000086600000|  0%| F|  |TAMS 0x0000000086500000, 0x0000000086500000| Untracked 
| 102|0x0000000086600000, 0x0000000086600000, 0x0000000086700000|  0%| F|  |TAMS 0x0000000086600000, 0x0000000086600000| Untracked 
| 103|0x0000000086700000, 0x0000000086700000, 0x0000000086800000|  0%| F|  |TAMS 0x0000000086700000, 0x0000000086700000| Untracked 
| 104|0x0000000086800000, 0x0000000086800000, 0x0000000086900000|  0%| F|  |TAMS 0x0000000086800000, 0x0000000086800000| Untracked 
| 105|0x0000000086900000, 0x0000000086900000, 0x0000000086a00000|  0%| F|  |TAMS 0x0000000086900000, 0x0000000086900000| Untracked 
| 106|0x0000000086a00000, 0x0000000086a00000, 0x0000000086b00000|  0%| F|  |TAMS 0x0000000086a00000, 0x0000000086a00000| Untracked 
| 107|0x0000000086b00000, 0x0000000086b00000, 0x0000000086c00000|  0%| F|  |TAMS 0x0000000086b00000, 0x0000000086b00000| Untracked 
| 108|0x0000000086c00000, 0x0000000086c00000, 0x0000000086d00000|  0%| F|  |TAMS 0x0000000086c00000, 0x0000000086c00000| Untracked 
| 109|0x0000000086d00000, 0x0000000086d00000, 0x0000000086e00000|  0%| F|  |TAMS 0x0000000086d00000, 0x0000000086d00000| Untracked 
| 110|0x0000000086e00000, 0x0000000086e00000, 0x0000000086f00000|  0%| F|  |TAMS 0x0000000086e00000, 0x0000000086e00000| Untracked 
| 111|0x0000000086f00000, 0x0000000086f00000, 0x0000000087000000|  0%| F|  |TAMS 0x0000000086f00000, 0x0000000086f00000| Untracked 
| 112|0x0000000087000000, 0x0000000087000000, 0x0000000087100000|  0%| F|  |TAMS 0x0000000087000000, 0x0000000087000000| Untracked 
| 113|0x0000000087100000, 0x0000000087100000, 0x0000000087200000|  0%| F|  |TAMS 0x0000000087100000, 0x0000000087100000| Untracked 
| 114|0x0000000087200000, 0x0000000087200000, 0x0000000087300000|  0%| F|  |TAMS 0x0000000087200000, 0x0000000087200000| Untracked 
| 115|0x0000000087300000, 0x0000000087300000, 0x0000000087400000|  0%| F|  |TAMS 0x0000000087300000, 0x0000000087300000| Untracked 
| 116|0x0000000087400000, 0x0000000087400000, 0x0000000087500000|  0%| F|  |TAMS 0x0000000087400000, 0x0000000087400000| Untracked 
| 117|0x0000000087500000, 0x0000000087500000, 0x0000000087600000|  0%| F|  |TAMS 0x0000000087500000, 0x0000000087500000| Untracked 
| 118|0x0000000087600000, 0x0000000087600000, 0x0000000087700000|  0%| F|  |TAMS 0x0000000087600000, 0x0000000087600000| Untracked 
| 119|0x0000000087700000, 0x0000000087700000, 0x0000000087800000|  0%| F|  |TAMS 0x0000000087700000, 0x0000000087700000| Untracked 
| 120|0x0000000087800000, 0x0000000087800000, 0x0000000087900000|  0%| F|  |TAMS 0x0000000087800000, 0x0000000087800000| Untracked 
| 121|0x0000000087900000, 0x0000000087900000, 0x0000000087a00000|  0%| F|  |TAMS 0x0000000087900000, 0x0000000087900000| Untracked 
| 122|0x0000000087a00000, 0x0000000087a00000, 0x0000000087b00000|  0%| F|  |TAMS 0x0000000087a00000, 0x0000000087a00000| Untracked 
| 123|0x0000000087b00000, 0x0000000087b00000, 0x0000000087c00000|  0%| F|  |TAMS 0x0000000087b00000, 0x0000000087b00000| Untracked 
| 124|0x0000000087c00000, 0x0000000087c75ae8, 0x0000000087d00000| 45%| S|CS|TAMS 0x0000000087c00000, 0x0000000087c00000| Complete 
| 125|0x0000000087d00000, 0x0000000087e00000, 0x0000000087e00000|100%| S|CS|TAMS 0x0000000087d00000, 0x0000000087d00000| Complete 
| 126|0x0000000087e00000, 0x0000000087f00000, 0x0000000087f00000|100%| S|CS|TAMS 0x0000000087e00000, 0x0000000087e00000| Complete 
| 127|0x0000000087f00000, 0x0000000088000000, 0x0000000088000000|100%| S|CS|TAMS 0x0000000087f00000, 0x0000000087f00000| Complete 
| 128|0x0000000088000000, 0x0000000088100000, 0x0000000088100000|100%| S|CS|TAMS 0x0000000088000000, 0x0000000088000000| Complete 
| 129|0x0000000088100000, 0x0000000088200000, 0x0000000088200000|100%| S|CS|TAMS 0x0000000088100000, 0x0000000088100000| Complete 
| 130|0x0000000088200000, 0x0000000088300000, 0x0000000088300000|100%| S|CS|TAMS 0x0000000088200000, 0x0000000088200000| Complete 
| 131|0x0000000088300000, 0x0000000088400000, 0x0000000088400000|100%| S|CS|TAMS 0x0000000088300000, 0x0000000088300000| Complete 
| 132|0x0000000088400000, 0x0000000088500000, 0x0000000088500000|100%| S|CS|TAMS 0x0000000088400000, 0x0000000088400000| Complete 
| 133|0x0000000088500000, 0x0000000088600000, 0x0000000088600000|100%| S|CS|TAMS 0x0000000088500000, 0x0000000088500000| Complete 
| 134|0x0000000088600000, 0x0000000088700000, 0x0000000088700000|100%| S|CS|TAMS 0x0000000088600000, 0x0000000088600000| Complete 
| 135|0x0000000088700000, 0x0000000088800000, 0x0000000088800000|100%| S|CS|TAMS 0x0000000088700000, 0x0000000088700000| Complete 
| 136|0x0000000088800000, 0x0000000088900000, 0x0000000088900000|100%| S|CS|TAMS 0x0000000088800000, 0x0000000088800000| Complete 
| 137|0x0000000088900000, 0x0000000088a00000, 0x0000000088a00000|100%| S|CS|TAMS 0x0000000088900000, 0x0000000088900000| Complete 
| 138|0x0000000088a00000, 0x0000000088aa00c0, 0x0000000088b00000| 62%| E|  |TAMS 0x0000000088a00000, 0x0000000088a00000| Complete 
| 139|0x0000000088b00000, 0x0000000088c00000, 0x0000000088c00000|100%| E|CS|TAMS 0x0000000088b00000, 0x0000000088b00000| Complete 
| 140|0x0000000088c00000, 0x0000000088d00000, 0x0000000088d00000|100%| E|CS|TAMS 0x0000000088c00000, 0x0000000088c00000| Complete 
| 141|0x0000000088d00000, 0x0000000088e00000, 0x0000000088e00000|100%| E|CS|TAMS 0x0000000088d00000, 0x0000000088d00000| Complete 
| 142|0x0000000088e00000, 0x0000000088f00000, 0x0000000088f00000|100%| E|CS|TAMS 0x0000000088e00000, 0x0000000088e00000| Complete 
| 143|0x0000000088f00000, 0x0000000089000000, 0x0000000089000000|100%| E|CS|TAMS 0x0000000088f00000, 0x0000000088f00000| Complete 
| 144|0x0000000089000000, 0x0000000089100000, 0x0000000089100000|100%| E|CS|TAMS 0x0000000089000000, 0x0000000089000000| Complete 
| 145|0x0000000089100000, 0x0000000089200000, 0x0000000089200000|100%| E|CS|TAMS 0x0000000089100000, 0x0000000089100000| Complete 
| 146|0x0000000089200000, 0x0000000089300000, 0x0000000089300000|100%| E|CS|TAMS 0x0000000089200000, 0x0000000089200000| Complete 
| 147|0x0000000089300000, 0x0000000089400000, 0x0000000089400000|100%| E|CS|TAMS 0x0000000089300000, 0x0000000089300000| Complete 
| 148|0x0000000089400000, 0x0000000089500000, 0x0000000089500000|100%| E|CS|TAMS 0x0000000089400000, 0x0000000089400000| Complete 
| 149|0x0000000089500000, 0x0000000089600000, 0x0000000089600000|100%| E|CS|TAMS 0x0000000089500000, 0x0000000089500000| Complete 
| 150|0x0000000089600000, 0x0000000089700000, 0x0000000089700000|100%| E|CS|TAMS 0x0000000089600000, 0x0000000089600000| Complete 
| 151|0x0000000089700000, 0x0000000089800000, 0x0000000089800000|100%| E|CS|TAMS 0x0000000089700000, 0x0000000089700000| Complete 
| 152|0x0000000089800000, 0x0000000089900000, 0x0000000089900000|100%| E|CS|TAMS 0x0000000089800000, 0x0000000089800000| Complete 
| 153|0x0000000089900000, 0x0000000089a00000, 0x0000000089a00000|100%| E|CS|TAMS 0x0000000089900000, 0x0000000089900000| Complete 
| 154|0x0000000089a00000, 0x0000000089b00000, 0x0000000089b00000|100%| E|CS|TAMS 0x0000000089a00000, 0x0000000089a00000| Complete 
| 155|0x0000000089b00000, 0x0000000089c00000, 0x0000000089c00000|100%| E|  |TAMS 0x0000000089b00000, 0x0000000089b00000| Complete 
| 156|0x0000000089c00000, 0x0000000089d00000, 0x0000000089d00000|100%| E|CS|TAMS 0x0000000089c00000, 0x0000000089c00000| Complete 
| 157|0x0000000089d00000, 0x0000000089e00000, 0x0000000089e00000|100%| E|CS|TAMS 0x0000000089d00000, 0x0000000089d00000| Complete 
| 158|0x0000000089e00000, 0x0000000089f00000, 0x0000000089f00000|100%| E|CS|TAMS 0x0000000089e00000, 0x0000000089e00000| Complete 
| 159|0x0000000089f00000, 0x000000008a000000, 0x000000008a000000|100%| E|CS|TAMS 0x0000000089f00000, 0x0000000089f00000| Complete 
| 160|0x000000008a000000, 0x000000008a100000, 0x000000008a100000|100%| E|CS|TAMS 0x000000008a000000, 0x000000008a000000| Complete 
| 161|0x000000008a100000, 0x000000008a200000, 0x000000008a200000|100%| E|CS|TAMS 0x000000008a100000, 0x000000008a100000| Complete 
| 162|0x000000008a200000, 0x000000008a300000, 0x000000008a300000|100%| E|CS|TAMS 0x000000008a200000, 0x000000008a200000| Complete 
| 163|0x000000008a300000, 0x000000008a400000, 0x000000008a400000|100%| E|CS|TAMS 0x000000008a300000, 0x000000008a300000| Complete 
| 164|0x000000008a400000, 0x000000008a500000, 0x000000008a500000|100%| E|CS|TAMS 0x000000008a400000, 0x000000008a400000| Complete 
| 165|0x000000008a500000, 0x000000008a600000, 0x000000008a600000|100%| E|CS|TAMS 0x000000008a500000, 0x000000008a500000| Complete 
| 166|0x000000008a600000, 0x000000008a700000, 0x000000008a700000|100%| E|CS|TAMS 0x000000008a600000, 0x000000008a600000| Complete 
| 167|0x000000008a700000, 0x000000008a800000, 0x000000008a800000|100%| E|CS|TAMS 0x000000008a700000, 0x000000008a700000| Complete 
| 168|0x000000008a800000, 0x000000008a900000, 0x000000008a900000|100%| E|CS|TAMS 0x000000008a800000, 0x000000008a800000| Complete 
| 169|0x000000008a900000, 0x000000008aa00000, 0x000000008aa00000|100%| E|CS|TAMS 0x000000008a900000, 0x000000008a900000| Complete 
| 170|0x000000008aa00000, 0x000000008ab00000, 0x000000008ab00000|100%| E|CS|TAMS 0x000000008aa00000, 0x000000008aa00000| Complete 
| 171|0x000000008ab00000, 0x000000008ac00000, 0x000000008ac00000|100%| E|CS|TAMS 0x000000008ab00000, 0x000000008ab00000| Complete 
| 172|0x000000008ac00000, 0x000000008ad00000, 0x000000008ad00000|100%| E|CS|TAMS 0x000000008ac00000, 0x000000008ac00000| Complete 
| 173|0x000000008ad00000, 0x000000008ae00000, 0x000000008ae00000|100%| E|CS|TAMS 0x000000008ad00000, 0x000000008ad00000| Complete 
| 174|0x000000008ae00000, 0x000000008af00000, 0x000000008af00000|100%| E|CS|TAMS 0x000000008ae00000, 0x000000008ae00000| Complete 
| 175|0x000000008af00000, 0x000000008b000000, 0x000000008b000000|100%| E|CS|TAMS 0x000000008af00000, 0x000000008af00000| Complete 
| 176|0x000000008b000000, 0x000000008b100000, 0x000000008b100000|100%| E|CS|TAMS 0x000000008b000000, 0x000000008b000000| Complete 
| 177|0x000000008b100000, 0x000000008b200000, 0x000000008b200000|100%| E|CS|TAMS 0x000000008b100000, 0x000000008b100000| Complete 
| 178|0x000000008b200000, 0x000000008b300000, 0x000000008b300000|100%| E|CS|TAMS 0x000000008b200000, 0x000000008b200000| Complete 
| 179|0x000000008b300000, 0x000000008b400000, 0x000000008b400000|100%| E|CS|TAMS 0x000000008b300000, 0x000000008b300000| Complete 
| 180|0x000000008b400000, 0x000000008b500000, 0x000000008b500000|100%| E|CS|TAMS 0x000000008b400000, 0x000000008b400000| Complete 
| 181|0x000000008b500000, 0x000000008b600000, 0x000000008b600000|100%| E|CS|TAMS 0x000000008b500000, 0x000000008b500000| Complete 
| 182|0x000000008b600000, 0x000000008b700000, 0x000000008b700000|100%| E|CS|TAMS 0x000000008b600000, 0x000000008b600000| Complete 
| 183|0x000000008b700000, 0x000000008b800000, 0x000000008b800000|100%| E|CS|TAMS 0x000000008b700000, 0x000000008b700000| Complete 
| 184|0x000000008b800000, 0x000000008b900000, 0x000000008b900000|100%| E|CS|TAMS 0x000000008b800000, 0x000000008b800000| Complete 
| 185|0x000000008b900000, 0x000000008ba00000, 0x000000008ba00000|100%| E|CS|TAMS 0x000000008b900000, 0x000000008b900000| Complete 
| 186|0x000000008ba00000, 0x000000008bb00000, 0x000000008bb00000|100%| E|CS|TAMS 0x000000008ba00000, 0x000000008ba00000| Complete 
| 187|0x000000008bb00000, 0x000000008bc00000, 0x000000008bc00000|100%| E|CS|TAMS 0x000000008bb00000, 0x000000008bb00000| Complete 
| 188|0x000000008bc00000, 0x000000008bd00000, 0x000000008bd00000|100%| E|CS|TAMS 0x000000008bc00000, 0x000000008bc00000| Complete 
| 189|0x000000008bd00000, 0x000000008be00000, 0x000000008be00000|100%| E|CS|TAMS 0x000000008bd00000, 0x000000008bd00000| Complete 
| 190|0x000000008be00000, 0x000000008bf00000, 0x000000008bf00000|100%| E|CS|TAMS 0x000000008be00000, 0x000000008be00000| Complete 
| 191|0x000000008bf00000, 0x000000008c000000, 0x000000008c000000|100%| E|CS|TAMS 0x000000008bf00000, 0x000000008bf00000| Complete 
| 192|0x000000008c000000, 0x000000008c100000, 0x000000008c100000|100%| E|CS|TAMS 0x000000008c000000, 0x000000008c000000| Complete 
| 193|0x000000008c100000, 0x000000008c200000, 0x000000008c200000|100%| E|CS|TAMS 0x000000008c100000, 0x000000008c100000| Complete 
| 194|0x000000008c200000, 0x000000008c300000, 0x000000008c300000|100%| E|CS|TAMS 0x000000008c200000, 0x000000008c200000| Complete 
| 195|0x000000008c300000, 0x000000008c400000, 0x000000008c400000|100%| E|CS|TAMS 0x000000008c300000, 0x000000008c300000| Complete 
| 196|0x000000008c400000, 0x000000008c500000, 0x000000008c500000|100%| E|CS|TAMS 0x000000008c400000, 0x000000008c400000| Complete 
| 197|0x000000008c500000, 0x000000008c600000, 0x000000008c600000|100%| E|CS|TAMS 0x000000008c500000, 0x000000008c500000| Complete 
| 198|0x000000008c600000, 0x000000008c700000, 0x000000008c700000|100%| E|CS|TAMS 0x000000008c600000, 0x000000008c600000| Complete 
| 199|0x000000008c700000, 0x000000008c800000, 0x000000008c800000|100%| E|CS|TAMS 0x000000008c700000, 0x000000008c700000| Complete 
| 200|0x000000008c800000, 0x000000008c900000, 0x000000008c900000|100%| E|CS|TAMS 0x000000008c800000, 0x000000008c800000| Complete 
| 201|0x000000008c900000, 0x000000008ca00000, 0x000000008ca00000|100%| E|CS|TAMS 0x000000008c900000, 0x000000008c900000| Complete 
| 202|0x000000008ca00000, 0x000000008cb00000, 0x000000008cb00000|100%| E|CS|TAMS 0x000000008ca00000, 0x000000008ca00000| Complete 
| 203|0x000000008cb00000, 0x000000008cc00000, 0x000000008cc00000|100%| E|CS|TAMS 0x000000008cb00000, 0x000000008cb00000| Complete 
| 204|0x000000008cc00000, 0x000000008cd00000, 0x000000008cd00000|100%| E|CS|TAMS 0x000000008cc00000, 0x000000008cc00000| Complete 
| 205|0x000000008cd00000, 0x000000008ce00000, 0x000000008ce00000|100%| E|CS|TAMS 0x000000008cd00000, 0x000000008cd00000| Complete 
| 206|0x000000008ce00000, 0x000000008cf00000, 0x000000008cf00000|100%| E|CS|TAMS 0x000000008ce00000, 0x000000008ce00000| Complete 
| 207|0x000000008cf00000, 0x000000008d000000, 0x000000008d000000|100%| E|CS|TAMS 0x000000008cf00000, 0x000000008cf00000| Complete 
| 208|0x000000008d000000, 0x000000008d100000, 0x000000008d100000|100%| E|CS|TAMS 0x000000008d000000, 0x000000008d000000| Complete 
| 209|0x000000008d100000, 0x000000008d200000, 0x000000008d200000|100%| E|CS|TAMS 0x000000008d100000, 0x000000008d100000| Complete 
| 210|0x000000008d200000, 0x000000008d300000, 0x000000008d300000|100%| E|CS|TAMS 0x000000008d200000, 0x000000008d200000| Complete 
| 211|0x000000008d300000, 0x000000008d400000, 0x000000008d400000|100%| E|CS|TAMS 0x000000008d300000, 0x000000008d300000| Complete 
| 212|0x000000008d400000, 0x000000008d500000, 0x000000008d500000|100%| E|CS|TAMS 0x000000008d400000, 0x000000008d400000| Complete 
| 213|0x000000008d500000, 0x000000008d600000, 0x000000008d600000|100%| E|CS|TAMS 0x000000008d500000, 0x000000008d500000| Complete 
| 214|0x000000008d600000, 0x000000008d700000, 0x000000008d700000|100%| E|CS|TAMS 0x000000008d600000, 0x000000008d600000| Complete 
| 215|0x000000008d700000, 0x000000008d800000, 0x000000008d800000|100%| E|CS|TAMS 0x000000008d700000, 0x000000008d700000| Complete 
| 216|0x000000008d800000, 0x000000008d900000, 0x000000008d900000|100%| E|CS|TAMS 0x000000008d800000, 0x000000008d800000| Complete 
| 217|0x000000008d900000, 0x000000008da00000, 0x000000008da00000|100%| E|CS|TAMS 0x000000008d900000, 0x000000008d900000| Complete 
| 218|0x000000008da00000, 0x000000008db00000, 0x000000008db00000|100%| E|CS|TAMS 0x000000008da00000, 0x000000008da00000| Complete 
| 219|0x000000008db00000, 0x000000008dc00000, 0x000000008dc00000|100%| E|CS|TAMS 0x000000008db00000, 0x000000008db00000| Complete 
| 220|0x000000008dc00000, 0x000000008dd00000, 0x000000008dd00000|100%| E|CS|TAMS 0x000000008dc00000, 0x000000008dc00000| Complete 
| 221|0x000000008dd00000, 0x000000008de00000, 0x000000008de00000|100%| E|CS|TAMS 0x000000008dd00000, 0x000000008dd00000| Complete 
| 222|0x000000008de00000, 0x000000008df00000, 0x000000008df00000|100%| E|CS|TAMS 0x000000008de00000, 0x000000008de00000| Complete 
| 223|0x000000008df00000, 0x000000008e000000, 0x000000008e000000|100%| E|CS|TAMS 0x000000008df00000, 0x000000008df00000| Complete 
| 224|0x000000008e000000, 0x000000008e100000, 0x000000008e100000|100%| E|CS|TAMS 0x000000008e000000, 0x000000008e000000| Complete 
| 225|0x000000008e100000, 0x000000008e200000, 0x000000008e200000|100%| E|CS|TAMS 0x000000008e100000, 0x000000008e100000| Complete 
| 226|0x000000008e200000, 0x000000008e300000, 0x000000008e300000|100%| E|CS|TAMS 0x000000008e200000, 0x000000008e200000| Complete 
| 227|0x000000008e300000, 0x000000008e400000, 0x000000008e400000|100%| E|CS|TAMS 0x000000008e300000, 0x000000008e300000| Complete 
| 228|0x000000008e400000, 0x000000008e500000, 0x000000008e500000|100%| E|CS|TAMS 0x000000008e400000, 0x000000008e400000| Complete 
| 229|0x000000008e500000, 0x000000008e600000, 0x000000008e600000|100%| E|CS|TAMS 0x000000008e500000, 0x000000008e500000| Complete 
| 230|0x000000008e600000, 0x000000008e700000, 0x000000008e700000|100%| E|CS|TAMS 0x000000008e600000, 0x000000008e600000| Complete 
| 231|0x000000008e700000, 0x000000008e800000, 0x000000008e800000|100%| E|CS|TAMS 0x000000008e700000, 0x000000008e700000| Complete 
| 232|0x000000008e800000, 0x000000008e900000, 0x000000008e900000|100%| E|CS|TAMS 0x000000008e800000, 0x000000008e800000| Complete 
| 233|0x000000008e900000, 0x000000008ea00000, 0x000000008ea00000|100%| E|CS|TAMS 0x000000008e900000, 0x000000008e900000| Complete 
| 234|0x000000008ea00000, 0x000000008eb00000, 0x000000008eb00000|100%| E|CS|TAMS 0x000000008ea00000, 0x000000008ea00000| Complete 
| 235|0x000000008eb00000, 0x000000008ec00000, 0x000000008ec00000|100%| E|CS|TAMS 0x000000008eb00000, 0x000000008eb00000| Complete 
| 236|0x000000008ec00000, 0x000000008ed00000, 0x000000008ed00000|100%| E|CS|TAMS 0x000000008ec00000, 0x000000008ec00000| Complete 
| 237|0x000000008ed00000, 0x000000008ee00000, 0x000000008ee00000|100%| E|CS|TAMS 0x000000008ed00000, 0x000000008ed00000| Complete 
| 238|0x000000008ee00000, 0x000000008ef00000, 0x000000008ef00000|100%| E|CS|TAMS 0x000000008ee00000, 0x000000008ee00000| Complete 
| 239|0x000000008ef00000, 0x000000008f000000, 0x000000008f000000|100%| E|CS|TAMS 0x000000008ef00000, 0x000000008ef00000| Complete 
| 240|0x000000008f000000, 0x000000008f100000, 0x000000008f100000|100%| E|CS|TAMS 0x000000008f000000, 0x000000008f000000| Complete 
| 241|0x000000008f100000, 0x000000008f200000, 0x000000008f200000|100%| E|CS|TAMS 0x000000008f100000, 0x000000008f100000| Complete 
| 242|0x000000008f200000, 0x000000008f300000, 0x000000008f300000|100%| E|CS|TAMS 0x000000008f200000, 0x000000008f200000| Complete 
| 243|0x000000008f300000, 0x000000008f400000, 0x000000008f400000|100%| E|CS|TAMS 0x000000008f300000, 0x000000008f300000| Complete 
| 244|0x000000008f400000, 0x000000008f500000, 0x000000008f500000|100%| E|CS|TAMS 0x000000008f400000, 0x000000008f400000| Complete 
| 245|0x000000008f500000, 0x000000008f600000, 0x000000008f600000|100%| E|CS|TAMS 0x000000008f500000, 0x000000008f500000| Complete 
| 246|0x000000008f600000, 0x000000008f700000, 0x000000008f700000|100%| E|CS|TAMS 0x000000008f600000, 0x000000008f600000| Complete 
| 247|0x000000008f700000, 0x000000008f800000, 0x000000008f800000|100%| E|CS|TAMS 0x000000008f700000, 0x000000008f700000| Complete 
| 248|0x000000008f800000, 0x000000008f900000, 0x000000008f900000|100%| E|CS|TAMS 0x000000008f800000, 0x000000008f800000| Complete 
| 249|0x000000008f900000, 0x000000008fa00000, 0x000000008fa00000|100%| E|CS|TAMS 0x000000008f900000, 0x000000008f900000| Complete 
| 250|0x000000008fa00000, 0x000000008fb00000, 0x000000008fb00000|100%| E|CS|TAMS 0x000000008fa00000, 0x000000008fa00000| Complete 
| 251|0x000000008fb00000, 0x000000008fc00000, 0x000000008fc00000|100%| E|CS|TAMS 0x000000008fb00000, 0x000000008fb00000| Complete 
| 252|0x000000008fc00000, 0x000000008fd00000, 0x000000008fd00000|100%| E|CS|TAMS 0x000000008fc00000, 0x000000008fc00000| Complete 
| 253|0x000000008fd00000, 0x000000008fe00000, 0x000000008fe00000|100%| E|CS|TAMS 0x000000008fd00000, 0x000000008fd00000| Complete 

Card table byte_map: [0x0000015248000000,0x0000015248400000] _byte_map_base: 0x0000015247c00000

Marking Bits (Prev, Next): (CMBitMap*) 0x0000015234c7a738, (CMBitMap*) 0x0000015234c7a770
 Prev Bits: [0x0000015248800000, 0x000001524a800000)
 Next Bits: [0x000001524a800000, 0x000001524c800000)

Polling page: 0x0000015234090000

Metaspace:

Usage:
  Non-class:     43.13 MB capacity,    42.32 MB ( 98%) used,   692.39 KB (  2%) free+waste,   132.31 KB ( <1%) overhead. 
      Class:      6.70 MB capacity,     6.19 MB ( 92%) used,   454.94 KB (  7%) free+waste,    63.00 KB ( <1%) overhead. 
       Both:     49.83 MB capacity,    48.52 MB ( 97%) used,     1.12 MB (  2%) free+waste,   195.31 KB ( <1%) overhead. 

Virtual space:
  Non-class space:       44.00 MB reserved,      43.37 MB ( 99%) committed 
      Class space:        1.00 GB reserved,       6.75 MB ( <1%) committed 
             Both:        1.04 GB reserved,      50.12 MB (  5%) committed 

Chunk freelists:
   Non-Class:  55.00 KB
       Class:  22.00 KB
        Both:  77.00 KB

MaxMetaspaceSize: 17179869184.00 GB
CompressedClassSpaceSize: 1.00 GB
Initial GC threshold: 20.80 MB
Current GC threshold: 58.54 MB
CDS: off

CodeHeap 'non-profiled nmethods': size=120000Kb used=3117Kb max_used=3117Kb free=116882Kb
 bounds [0x0000015240180000, 0x0000015240490000, 0x00000152476b0000]
CodeHeap 'profiled nmethods': size=120000Kb used=11299Kb max_used=11299Kb free=108700Kb
 bounds [0x0000015238c50000, 0x0000015239760000, 0x0000015240180000]
CodeHeap 'non-nmethods': size=5760Kb used=2297Kb max_used=2327Kb free=3462Kb
 bounds [0x00000152386b0000, 0x0000015238920000, 0x0000015238c50000]
 total_blobs=6280 nmethods=5489 adapters=703
 compilation: enabled
              stopped_count=0, restarted_count=0
 full_count=0

Compilation events (20 events):
Event: 9.304 Thread 0x000001524fe04000 nmethod 5383 0x0000015239710d90 code [0x0000015239711080, 0x0000015239712178]
Event: 9.304 Thread 0x000001524fe04000 5382       3       jdk.internal.loader.URLClassPath$JarLoader$1::run (5 bytes)
Event: 9.304 Thread 0x000001524fe04000 nmethod 5382 0x0000015239712890 code [0x0000015239712a40, 0x0000015239712b88]
Event: 9.304 Thread 0x000001524fe04000 5384       3       jdk.internal.loader.URLClassPath$JarLoader::getJarFile (102 bytes)
Event: 9.304 Thread 0x000001524fe04000 nmethod 5384 0x0000015239712c10 code [0x0000015239712f20, 0x0000015239713d48]
Event: 9.304 Thread 0x000001524fe04000 5385       3       jdk.internal.loader.URLClassPath$JarLoader::isOptimizable (10 bytes)
Event: 9.304 Thread 0x000001524fe04000 nmethod 5385 0x0000015239714290 code [0x0000015239714440, 0x0000015239714588]
Event: 9.304 Thread 0x000001524fe04000 5386       3       jdk.internal.loader.FileURLMapper::<init> (10 bytes)
Event: 9.304 Thread 0x000001524fe04000 nmethod 5386 0x0000015239714690 code [0x0000015239714840, 0x00000152397149f8]
Event: 9.304 Thread 0x000001524fe04000 5387       3       jdk.internal.loader.URLClassPath$JarLoader::<init> (67 bytes)
Event: 9.305 Thread 0x000001524fe04000 nmethod 5387 0x0000015239714a90 code [0x0000015239714d60, 0x0000015239715b38]
Event: 9.305 Thread 0x000001524fe04000 5388       3       jdk.internal.loader.URLClassPath$Loader::<init> (10 bytes)
Event: 9.305 Thread 0x000001524fe04000 nmethod 5388 0x0000015239716010 code [0x00000152397161c0, 0x0000015239716378]
Event: 9.444 Thread 0x000001524fe03000 5389       4       java.util.zip.ZipFile$Source::initCEN (697 bytes)
Event: 9.498 Thread 0x000001524fe04000 5391       3       java.util.stream.FindOps::makeRef (14 bytes)
Event: 9.498 Thread 0x000001524fe04000 nmethod 5391 0x0000015239716410 code [0x00000152397165c0, 0x0000015239716718]
Event: 9.498 Thread 0x000001524fe04000 5392       3       java.util.stream.FindOps$FindOp::evaluateSequential (39 bytes)
Event: 9.498 Thread 0x000001524fe04000 nmethod 5392 0x0000015239716790 code [0x0000015239716980, 0x0000015239716f28]
Event: 9.498 Thread 0x000001524fe04000 5393       3       java.util.stream.FindOps$FindSink::<init> (5 bytes)
Event: 9.499 Thread 0x000001524fe04000 nmethod 5393 0x0000015239717090 code [0x0000015239717240, 0x0000015239717398]

GC Heap History (10 events):
Event: 0.716 GC heap before
{Heap before GC invocations=0 (full 0):
 garbage-first heap   total 260096K, used 29696K [0x0000000080000000, 0x0000000100000000)
  region size 1024K, 24 young (24576K), 0 survivors (0K)
 Metaspace       used 10181K, capacity 10403K, committed 10624K, reserved 1058816K
  class space    used 1064K, capacity 1106K, committed 1152K, reserved 1048576K
}
Event: 0.720 GC heap after
{Heap after GC invocations=1 (full 0):
 garbage-first heap   total 260096K, used 9331K [0x0000000080000000, 0x0000000100000000)
  region size 1024K, 3 young (3072K), 3 survivors (3072K)
 Metaspace       used 10181K, capacity 10403K, committed 10624K, reserved 1058816K
  class space    used 1064K, capacity 1106K, committed 1152K, reserved 1048576K
}
Event: 2.385 GC heap before
{Heap before GC invocations=1 (full 0):
 garbage-first heap   total 260096K, used 109683K [0x0000000080000000, 0x0000000100000000)
  region size 1024K, 102 young (104448K), 3 survivors (3072K)
 Metaspace       used 20672K, capacity 21116K, committed 21296K, reserved 1069056K
  class space    used 2532K, capacity 2660K, committed 2688K, reserved 1048576K
}
Event: 2.394 GC heap after
{Heap after GC invocations=2 (full 0):
 garbage-first heap   total 260096K, used 16851K [0x0000000080000000, 0x0000000100000000)
  region size 1024K, 11 young (11264K), 11 survivors (11264K)
 Metaspace       used 20672K, capacity 21116K, committed 21296K, reserved 1069056K
  class space    used 2532K, capacity 2660K, committed 2688K, reserved 1048576K
}
Event: 3.165 GC heap before
{Heap before GC invocations=3 (full 0):
 garbage-first heap   total 260096K, used 54739K [0x0000000080000000, 0x0000000100000000)
  region size 1024K, 48 young (49152K), 11 survivors (11264K)
 Metaspace       used 24392K, capacity 24980K, committed 25136K, reserved 1071104K
  class space    used 3133K, capacity 3336K, committed 3456K, reserved 1048576K
}
Event: 3.170 GC heap after
{Heap after GC invocations=4 (full 0):
 garbage-first heap   total 260096K, used 18226K [0x0000000080000000, 0x0000000100000000)
  region size 1024K, 2 young (2048K), 2 survivors (2048K)
 Metaspace       used 24392K, capacity 24980K, committed 25136K, reserved 1071104K
  class space    used 3133K, capacity 3336K, committed 3456K, reserved 1048576K
}
Event: 6.466 GC heap before
{Heap before GC invocations=4 (full 0):
 garbage-first heap   total 260096K, used 90930K [0x0000000080000000, 0x0000000100000000)
  region size 1024K, 74 young (75776K), 2 survivors (2048K)
 Metaspace       used 34930K, capacity 35660K, committed 35708K, reserved 1081344K
  class space    used 4543K, capacity 4861K, committed 4864K, reserved 1048576K
}
Event: 6.474 GC heap after
{Heap after GC invocations=5 (full 0):
 garbage-first heap   total 260096K, used 22091K [0x0000000080000000, 0x0000000100000000)
  region size 1024K, 6 young (6144K), 6 survivors (6144K)
 Metaspace       used 34930K, capacity 35660K, committed 35708K, reserved 1081344K
  class space    used 4543K, capacity 4861K, committed 4864K, reserved 1048576K
}
Event: 8.095 GC heap before
{Heap before GC invocations=6 (full 0):
 garbage-first heap   total 260096K, used 137803K [0x0000000080000000, 0x0000000100000000)
  region size 1024K, 116 young (118784K), 6 survivors (6144K)
 Metaspace       used 44135K, capacity 45165K, committed 45436K, reserved 1089536K
  class space    used 5642K, capacity 6033K, committed 6144K, reserved 1048576K
}
Event: 8.104 GC heap after
{Heap after GC invocations=7 (full 0):
 garbage-first heap   total 260096K, used 30156K [0x0000000080000000, 0x0000000100000000)
  region size 1024K, 14 young (14336K), 14 survivors (14336K)
 Metaspace       used 44135K, capacity 45165K, committed 45436K, reserved 1089536K
  class space    used 5642K, capacity 6033K, committed 6144K, reserved 1048576K
}

Deoptimization events (20 events):
Event: 9.175 Thread 0x0000015252390800 DEOPT PACKING pc=0x000001524045a010 sp=0x000000145b9f7f70
Event: 9.175 Thread 0x0000015252390800 DEOPT UNPACKING pc=0x00000152386fa1af sp=0x000000145b9f7e98 mode 2
Event: 9.208 Thread 0x0000015252390800 DEOPT PACKING pc=0x00000152396fd184 sp=0x000000145b9f0040
Event: 9.208 Thread 0x0000015252390800 DEOPT UNPACKING pc=0x00000152386fa95e sp=0x000000145b9ef630 mode 0
Event: 9.223 Thread 0x0000015252390800 DEOPT PACKING pc=0x00000152396fd184 sp=0x000000145b9f0040
Event: 9.223 Thread 0x0000015252390800 DEOPT UNPACKING pc=0x00000152386fa95e sp=0x000000145b9ef630 mode 0
Event: 9.223 Thread 0x0000015252390800 Uncommon trap: trap_request=0xffffff4d fr.pc=0x00000152401edf7c relative=0x00000000000012fc
Event: 9.223 Thread 0x0000015252390800 Uncommon trap: reason=unstable_if action=reinterpret pc=0x00000152401edf7c method=java.util.jar.JarFile.checkForSpecialAttributes()V @ 53 c2
Event: 9.223 Thread 0x0000015252390800 DEOPT PACKING pc=0x00000152401edf7c sp=0x000000145b9f0630
Event: 9.223 Thread 0x0000015252390800 DEOPT UNPACKING pc=0x00000152386fa1af sp=0x000000145b9f05f0 mode 2
Event: 9.273 Thread 0x0000015252390800 DEOPT PACKING pc=0x00000152396fd184 sp=0x000000145b9effb0
Event: 9.273 Thread 0x0000015252390800 DEOPT UNPACKING pc=0x00000152386fa95e sp=0x000000145b9ef588 mode 0
Event: 9.298 Thread 0x0000015252390800 DEOPT PACKING pc=0x00000152396fd184 sp=0x000000145b9effb0
Event: 9.298 Thread 0x0000015252390800 DEOPT UNPACKING pc=0x00000152386fa95e sp=0x000000145b9ef588 mode 0
Event: 9.320 Thread 0x0000015252390800 DEOPT PACKING pc=0x00000152396fd184 sp=0x000000145b9efe80
Event: 9.320 Thread 0x0000015252390800 DEOPT UNPACKING pc=0x00000152386fa95e sp=0x000000145b9ef458 mode 0
Event: 9.444 Thread 0x0000015252390800 DEOPT PACKING pc=0x00000152396fd184 sp=0x000000145b9efe80
Event: 9.444 Thread 0x0000015252390800 DEOPT UNPACKING pc=0x00000152386fa95e sp=0x000000145b9ef458 mode 0
Event: 9.490 Thread 0x0000015252390800 DEOPT PACKING pc=0x00000152396fd184 sp=0x000000145b9efe80
Event: 9.490 Thread 0x0000015252390800 DEOPT UNPACKING pc=0x00000152386fa95e sp=0x000000145b9ef458 mode 0

Classes redefined (0 events):
No events

Internal exceptions (20 events):
Event: 9.227 Thread 0x0000015252390800 Exception <a 'java/security/PrivilegedActionException'{0x0000000089fdaed0}> (0x0000000089fdaed0) thrown at [./src/hotspot/share/prims/jvm.cpp, line 1306]
Event: 9.227 Thread 0x0000015252390800 Exception <a 'java/security/PrivilegedActionException'{0x0000000089fdc438}> (0x0000000089fdc438) thrown at [./src/hotspot/share/prims/jvm.cpp, line 1306]
Event: 9.227 Thread 0x0000015252390800 Exception <a 'java/security/PrivilegedActionException'{0x0000000089fdf3b8}> (0x0000000089fdf3b8) thrown at [./src/hotspot/share/prims/jvm.cpp, line 1306]
Event: 9.227 Thread 0x0000015252390800 Exception <a 'java/security/PrivilegedActionException'{0x0000000089fe0920}> (0x0000000089fe0920) thrown at [./src/hotspot/share/prims/jvm.cpp, line 1306]
Event: 9.227 Thread 0x0000015252390800 Exception <a 'java/security/PrivilegedActionException'{0x0000000089fe38b8}> (0x0000000089fe38b8) thrown at [./src/hotspot/share/prims/jvm.cpp, line 1306]
Event: 9.227 Thread 0x0000015252390800 Exception <a 'java/security/PrivilegedActionException'{0x0000000089fe4e20}> (0x0000000089fe4e20) thrown at [./src/hotspot/share/prims/jvm.cpp, line 1306]
Event: 9.228 Thread 0x0000015252390800 Exception <a 'java/security/PrivilegedActionException'{0x0000000089fe7d48}> (0x0000000089fe7d48) thrown at [./src/hotspot/share/prims/jvm.cpp, line 1306]
Event: 9.228 Thread 0x0000015252390800 Exception <a 'java/security/PrivilegedActionException'{0x0000000089fe92b0}> (0x0000000089fe92b0) thrown at [./src/hotspot/share/prims/jvm.cpp, line 1306]
Event: 9.262 Thread 0x0000015252390800 Exception <a 'java/security/PrivilegedActionException'{0x0000000089ec7430}> (0x0000000089ec7430) thrown at [./src/hotspot/share/prims/jvm.cpp, line 1306]
Event: 9.262 Thread 0x0000015252390800 Exception <a 'java/security/PrivilegedActionException'{0x0000000089ec8998}> (0x0000000089ec8998) thrown at [./src/hotspot/share/prims/jvm.cpp, line 1306]
Event: 9.263 Thread 0x0000015252390800 Exception <a 'java/security/PrivilegedActionException'{0x0000000089ecb8c0}> (0x0000000089ecb8c0) thrown at [./src/hotspot/share/prims/jvm.cpp, line 1306]
Event: 9.263 Thread 0x0000015252390800 Exception <a 'java/security/PrivilegedActionException'{0x0000000089ecce28}> (0x0000000089ecce28) thrown at [./src/hotspot/share/prims/jvm.cpp, line 1306]
Event: 9.263 Thread 0x0000015252390800 Exception <a 'java/security/PrivilegedActionException'{0x0000000089ecfe08}> (0x0000000089ecfe08) thrown at [./src/hotspot/share/prims/jvm.cpp, line 1306]
Event: 9.263 Thread 0x0000015252390800 Exception <a 'java/security/PrivilegedActionException'{0x0000000089ed1370}> (0x0000000089ed1370) thrown at [./src/hotspot/share/prims/jvm.cpp, line 1306]
Event: 9.263 Thread 0x0000015252390800 Exception <a 'java/security/PrivilegedActionException'{0x0000000089ed42a0}> (0x0000000089ed42a0) thrown at [./src/hotspot/share/prims/jvm.cpp, line 1306]
Event: 9.263 Thread 0x0000015252390800 Exception <a 'java/security/PrivilegedActionException'{0x0000000089ed5808}> (0x0000000089ed5808) thrown at [./src/hotspot/share/prims/jvm.cpp, line 1306]
Event: 9.263 Thread 0x0000015252390800 Exception <a 'java/security/PrivilegedActionException'{0x0000000089ed8788}> (0x0000000089ed8788) thrown at [./src/hotspot/share/prims/jvm.cpp, line 1306]
Event: 9.263 Thread 0x0000015252390800 Exception <a 'java/security/PrivilegedActionException'{0x0000000089ed9cf0}> (0x0000000089ed9cf0) thrown at [./src/hotspot/share/prims/jvm.cpp, line 1306]
Event: 9.264 Thread 0x0000015252390800 Exception <a 'java/security/PrivilegedActionException'{0x0000000089edccd0}> (0x0000000089edccd0) thrown at [./src/hotspot/share/prims/jvm.cpp, line 1306]
Event: 9.264 Thread 0x0000015252390800 Exception <a 'java/security/PrivilegedActionException'{0x0000000089ede238}> (0x0000000089ede238) thrown at [./src/hotspot/share/prims/jvm.cpp, line 1306]

Events (20 events):
Event: 9.193 loading class org/gradle/api/internal/ConventionMapping$MappedProperty done
Event: 9.193 loading class org/gradle/internal/extensibility/ConventionAwareHelper$2
Event: 9.193 loading class org/gradle/internal/extensibility/ConventionAwareHelper$2 done
Event: 9.193 loading class org/gradle/internal/extensibility/ConventionAwareHelper$1
Event: 9.193 loading class org/gradle/internal/extensibility/ConventionAwareHelper$1 done
Event: 9.194 loading class org/gradle/api/internal/project/taskfactory/DefaultTaskClassInfoStore$StandardTaskActionFactory
Event: 9.194 loading class org/gradle/api/internal/project/taskfactory/DefaultTaskClassInfoStore$StandardTaskActionFactory done
Event: 9.194 loading class org/gradle/api/internal/project/taskfactory/StandardTaskAction
Event: 9.194 loading class org/gradle/api/internal/project/taskfactory/StandardTaskAction done
Event: 9.195 loading class groovy/runtime/metaclass/org/gradle/api/tasks/Delete_DecoratedMetaClass
Event: 9.195 loading class groovy/runtime/metaclass/org/gradle/api/tasks/Delete_DecoratedMetaClass done
Event: 9.197 loading class org/gradle/api/tasks/Delete_DecoratedBeanInfo
Event: 9.197 loading class org/gradle/api/tasks/Delete_DecoratedBeanInfo done
Event: 9.197 loading class org/gradle/api/tasks/Delete_DecoratedBeanInfo
Event: 9.197 loading class org/gradle/api/tasks/Delete_DecoratedBeanInfo done
Event: 9.197 loading class org/gradle/api/tasks/Delete_DecoratedBeanInfo
Event: 9.197 loading class org/gradle/api/tasks/Delete_DecoratedBeanInfo done
Event: 9.244 Loaded shared library D:\AndroidStudio\jre\bin\nio.dll
Event: 9.444 Thread 0x0000015255b09800 Thread exited: 0x0000015255b09800
Event: 9.444 Thread 0x0000015253bc7000 Thread exited: 0x0000015253bc7000


Dynamic libraries:
0x00007ff7e2fb0000 - 0x00007ff7e2fba000 	D:\AndroidStudio\jre\bin\java.exe
0x00007ffa32150000 - 0x00007ffa32345000 	C:\Windows\SYSTEM32\ntdll.dll
0x00007ffa31680000 - 0x00007ffa3173e000 	C:\Windows\System32\KERNEL32.DLL
0x00007ffa2f9a0000 - 0x00007ffa2fc68000 	C:\Windows\System32\KERNELBASE.dll
0x00007ffa2fe70000 - 0x00007ffa2ff70000 	C:\Windows\System32\ucrtbase.dll
0x00007ffa29340000 - 0x00007ffa29359000 	D:\AndroidStudio\jre\bin\jli.dll
0x00007ffa16ab0000 - 0x00007ffa16ac7000 	D:\AndroidStudio\jre\bin\VCRUNTIME140.dll
0x00007ffa00c90000 - 0x00007ffa00d95000 	C:\Windows\SYSTEM32\winhafnt64.dll
0x00007ffa30630000 - 0x00007ffa307d1000 	C:\Windows\System32\USER32.dll
0x00007ffa2f970000 - 0x00007ffa2f992000 	C:\Windows\System32\win32u.dll
0x00007ffa31a30000 - 0x00007ffa31a5b000 	C:\Windows\System32\GDI32.dll
0x00007ffa1bc20000 - 0x00007ffa1beba000 	C:\Windows\WinSxS\amd64_microsoft.windows.common-controls_6595b64144ccf1df_6.0.19041.1110_none_60b5254171f9507e\COMCTL32.dll
0x00007ffa2f860000 - 0x00007ffa2f96d000 	C:\Windows\System32\gdi32full.dll
0x00007ffa2fdd0000 - 0x00007ffa2fe6d000 	C:\Windows\System32\msvcp_win.dll
0x00007ffa31510000 - 0x00007ffa315ae000 	C:\Windows\System32\msvcrt.dll
0x00007ffa31fc0000 - 0x00007ffa3206c000 	C:\Windows\System32\ADVAPI32.dll
0x00007ffa32070000 - 0x00007ffa3210b000 	C:\Windows\System32\sechost.dll
0x00007ffa30950000 - 0x00007ffa30a7a000 	C:\Windows\System32\RPCRT4.dll
0x00007ffa2f3e0000 - 0x00007ffa2f3ea000 	C:\Windows\SYSTEM32\VERSION.dll
0x00007ffa302a0000 - 0x00007ffa302d0000 	C:\Windows\System32\IMM32.DLL
0x00007ff9f45d0000 - 0x00007ff9f4c0d000 	C:\Windows\SYSTEM32\winhadnt64.dll
0x00007ffa30240000 - 0x00007ffa30295000 	C:\Windows\System32\SHLWAPI.dll
0x00007ffa30c20000 - 0x00007ffa31364000 	C:\Windows\System32\SHELL32.dll
0x00007ffa18910000 - 0x00007ffa1892d000 	C:\Windows\SYSTEM32\MPR.dll
0x00007ffa30af0000 - 0x00007ffa30c1a000 	C:\Windows\System32\ole32.dll
0x00007ffa302d0000 - 0x00007ffa30625000 	C:\Windows\System32\combase.dll
0x00007ffa315b0000 - 0x00007ffa3167d000 	C:\Windows\System32\OLEAUT32.dll
0x00007ffa318f0000 - 0x00007ffa3195b000 	C:\Windows\System32\WS2_32.dll
0x00007ffa1b990000 - 0x00007ffa1b9b7000 	C:\Windows\SYSTEM32\WINMM.dll
0x00007ffa30050000 - 0x00007ffa300d2000 	C:\Windows\System32\bcryptPrimitives.dll
0x00007ff9ff9c0000 - 0x00007ff9ffbed000 	C:\Windows\SYSTEM32\dtframe64.dll
0x00007ffa0ef40000 - 0x00007ffa0ef71000 	C:\Windows\SYSTEM32\TIjtDrvd64.dll
0x00007ffa1b410000 - 0x00007ffa1b4a5000 	C:\Windows\SYSTEM32\winspool.drv
0x00007ff9fdef0000 - 0x00007ff9fe012000 	C:\Windows\SYSTEM32\dtsframe64.dll
0x00007ffa2eed0000 - 0x00007ffa2ef3a000 	C:\Windows\SYSTEM32\mswsock.dll
0x00007ffa30a80000 - 0x00007ffa30a88000 	C:\Windows\System32\psapi.dll
0x00007ff9fb880000 - 0x00007ff9fb9f9000 	C:\Windows\SYSTEM32\winbrohca64.dll
0x00007ffa1f500000 - 0x00007ffa1f566000 	C:\Windows\SYSTEM32\OLEACC.dll
0x00007ffa14370000 - 0x00007ffa1437c000 	C:\Windows\SYSTEM32\WinUsb.dll
0x00007ffa31a60000 - 0x00007ffa31ed2000 	C:\Windows\System32\setupapi.dll
0x00007ffa30000000 - 0x00007ffa3004e000 	C:\Windows\System32\cfgmgr32.dll
0x00007ffa2ffd0000 - 0x00007ffa2fff7000 	C:\Windows\System32\bcrypt.dll
0x00007ff9fac70000 - 0x00007ff9fad82000 	C:\Windows\SYSTEM32\TMailHook64.dll
0x00007ff9fa560000 - 0x00007ff9fa759000 	C:\Windows\SYSTEM32\winncap364.dll
0x000000006a1a0000 - 0x000000006a1ac000 	C:\Program Files (x86)\360\360Safe\safemon\SafeWrapper.dll
0x00007ffa01760000 - 0x00007ffa017f6000 	C:\Program Files (x86)\360\360Safe\safemon\libzdtp64.dll
0x00007ffa10960000 - 0x00007ffa109fd000 	D:\AndroidStudio\jre\bin\msvcp140.dll
0x00007ff9f34f0000 - 0x00007ff9f3fd5000 	D:\AndroidStudio\jre\bin\server\jvm.dll
0x00007ffa1bec0000 - 0x00007ffa1bec9000 	C:\Windows\SYSTEM32\WSOCK32.dll
0x00007ffa2d700000 - 0x00007ffa2d712000 	C:\Windows\SYSTEM32\kernel.appcore.dll
0x00007ffa22fe0000 - 0x00007ffa22ff1000 	D:\AndroidStudio\jre\bin\verify.dll
0x00007ffa21880000 - 0x00007ffa21a64000 	C:\Windows\SYSTEM32\DBGHELP.DLL
0x00007ffa220c0000 - 0x00007ffa220ec000 	C:\Windows\SYSTEM32\dbgcore.DLL
0x00007ffa213a0000 - 0x00007ffa213c9000 	D:\AndroidStudio\jre\bin\java.dll
0x00007ffa294c0000 - 0x00007ffa294cb000 	D:\AndroidStudio\jre\bin\jimage.dll
0x00007ffa22d50000 - 0x00007ffa22d68000 	D:\AndroidStudio\jre\bin\zip.dll
0x00007ffa2d900000 - 0x00007ffa2e094000 	C:\Windows\SYSTEM32\windows.storage.dll
0x00007ffa2f1d0000 - 0x00007ffa2f1fe000 	C:\Windows\SYSTEM32\Wldp.dll
0x00007ffa31980000 - 0x00007ffa31a2d000 	C:\Windows\System32\SHCORE.dll
0x00007ffa2f7a0000 - 0x00007ffa2f7bf000 	C:\Windows\SYSTEM32\profapi.dll
0x00007ffa21380000 - 0x00007ffa2139a000 	D:\AndroidStudio\jre\bin\net.dll
0x00007ffa222e0000 - 0x00007ffa223ec000 	C:\Windows\SYSTEM32\WINHTTP.dll
0x00007ffa20510000 - 0x00007ffa20524000 	D:\AndroidStudio\jre\bin\nio.dll
0x00007ffa14f30000 - 0x00007ffa14f57000 	C:\Users\Administrator\.gradle\native\e1d6ef7f7dcc3fd88c89a11ec53ec762bb8ba0a96d01ffa2cd45eb1d1d8dd5c5\windows-amd64\native-platform.dll
0x00007ff9ff190000 - 0x00007ff9ff2d4000 	C:\Users\Administrator\.gradle\native\5664cfc778a61ccfe75a443a1ab52a65af34e5dc3c78e0209fed803814484fcb\windows-amd64\native-platform-file-events.dll
0x00007ffa29330000 - 0x00007ffa2933a000 	D:\AndroidStudio\jre\bin\management.dll
0x00007ffa28b90000 - 0x00007ffa28b9d000 	D:\AndroidStudio\jre\bin\management_ext.dll
0x00007ffa2f0c0000 - 0x00007ffa2f0d8000 	C:\Windows\SYSTEM32\CRYPTSP.dll
0x00007ffa2e850000 - 0x00007ffa2e884000 	C:\Windows\system32\rsaenh.dll
0x00007ffa2f760000 - 0x00007ffa2f78e000 	C:\Windows\SYSTEM32\USERENV.dll
0x00007ffa2f0e0000 - 0x00007ffa2f0ec000 	C:\Windows\SYSTEM32\CRYPTBASE.dll
0x00007ffa2ebc0000 - 0x00007ffa2ebfb000 	C:\Windows\SYSTEM32\IPHLPAPI.DLL
0x00007ffa314f0000 - 0x00007ffa314f8000 	C:\Windows\System32\NSI.dll
0x00007ffa28860000 - 0x00007ffa28877000 	C:\Windows\SYSTEM32\dhcpcsvc6.DLL
0x00007ffa28d50000 - 0x00007ffa28d6d000 	C:\Windows\SYSTEM32\dhcpcsvc.DLL
0x00007ffa2ec00000 - 0x00007ffa2eccb000 	C:\Windows\SYSTEM32\DNSAPI.dll

dbghelp: loaded successfully - version: 4.0.5 - missing functions: none
symbol engine: initialized successfully - sym options: 0x614 - pdb path: .;D:\AndroidStudio\jre\bin;C:\Windows\SYSTEM32;C:\Windows\WinSxS\amd64_microsoft.windows.common-controls_6595b64144ccf1df_6.0.19041.1110_none_60b5254171f9507e;C:\Program Files (x86)\360\360Safe\safemon;D:\AndroidStudio\jre\bin\server;C:\Users\Administrator\.gradle\native\e1d6ef7f7dcc3fd88c89a11ec53ec762bb8ba0a96d01ffa2cd45eb1d1d8dd5c5\windows-amd64;C:\Users\Administrator\.gradle\native\5664cfc778a61ccfe75a443a1ab52a65af34e5dc3c78e0209fed803814484fcb\windows-amd64

VM Arguments:
jvm_args: --add-opens=java.base/java.util=ALL-UNNAMED --add-opens=java.base/java.lang=ALL-UNNAMED --add-opens=java.base/java.lang.invoke=ALL-UNNAMED --add-opens=java.base/java.util=ALL-UNNAMED --add-opens=java.prefs/java.util.prefs=ALL-UNNAMED --add-opens=java.prefs/java.util.prefs=ALL-UNNAMED --add-opens=java.base/java.nio.charset=ALL-UNNAMED --add-opens=java.base/java.net=ALL-UNNAMED --add-opens=java.base/java.util.concurrent.atomic=ALL-UNNAMED -Xmx2048m -Dfile.encoding=UTF-8 -Duser.country=CN -Duser.language=zh -Duser.variant 
java_command: org.gradle.launcher.daemon.bootstrap.GradleDaemon 7.2
java_class_path (initial): C:\Users\Administrator\.gradle\wrapper\dists\gradle-7.2-bin\2dnblmf4td7x66yl1d74lt32g\gradle-7.2\lib\gradle-launcher-7.2.jar
Launcher Type: SUN_STANDARD

[Global flags]
     intx CICompilerCount                          = 4                                         {product} {ergonomic}
     uint ConcGCThreads                            = 3                                         {product} {ergonomic}
     uint G1ConcRefinementThreads                  = 10                                        {product} {ergonomic}
   size_t G1HeapRegionSize                         = 1048576                                   {product} {ergonomic}
    uintx GCDrainStackTargetSize                   = 64                                        {product} {ergonomic}
   size_t InitialHeapSize                          = 266338304                                 {product} {ergonomic}
   size_t MarkStackSize                            = 4194304                                   {product} {ergonomic}
   size_t MaxHeapSize                              = 2147483648                                {product} {command line}
   size_t MaxNewSize                               = 1287651328                                {product} {ergonomic}
   size_t MinHeapDeltaBytes                        = 1048576                                   {product} {ergonomic}
    uintx NonNMethodCodeHeapSize                   = 5836300                                {pd product} {ergonomic}
    uintx NonProfiledCodeHeapSize                  = 122910970                              {pd product} {ergonomic}
    uintx ProfiledCodeHeapSize                     = 122910970                              {pd product} {ergonomic}
    uintx ReservedCodeCacheSize                    = 251658240                              {pd product} {ergonomic}
     bool SegmentedCodeCache                       = true                                      {product} {ergonomic}
     bool UseCompressedClassPointers               = true                                 {lp64_product} {ergonomic}
     bool UseCompressedOops                        = true                                 {lp64_product} {ergonomic}
     bool UseG1GC                                  = true                                      {product} {ergonomic}
     bool UseLargePagesIndividualAllocation        = false                                  {pd product} {ergonomic}

Logging:
Log output configuration:
 #0: stdout all=warning uptime,level,tags
 #1: stderr all=off uptime,level,tags

Environment Variables:
JAVA_HOME=C:\Program Files\Java\jdk1.8.0_45
PATH=C:\Program Files (x86)\Common Files\Oracle\Java\javapath;C:\ProgramData\Oracle\Java\javapath;C:\Program Files (x86)\NetSarang\Xshell 6\;C:\Program Files\Java\jdk1.8.0_45\bin;C:\Program Files\Java\jdk1.8.0_45\jre\bin;C:\Users\Administrator\AppData\Local\Android\Sdk\platform-tools;C:\Users\Administrator\AppData\Local\Microsoft\WindowsApps;
USERNAME=Administrator
OS=Windows_NT
PROCESSOR_IDENTIFIER=Intel64 Family 6 Model 165 Stepping 3, GenuineIntel



---------------  S Y S T E M  ---------------

OS: Windows 10 , 64 bit Build 19041 (10.0.19041.1348)
OS uptime: 69 days 2:29 hours

CPU:total 12 (initial active 12) (6 cores per cpu, 2 threads per core) family 6 model 165 stepping 3 microcode 0xea, cmov, cx8, fxsr, mmx, sse, sse2, sse3, ssse3, sse4.1, sse4.2, popcnt, avx, avx2, aes, clmul, erms, 3dnowpref, lzcnt, ht, tsc, tscinvbit, bmi1, bmi2, adx, fma

Memory: 4k page, system-wide physical 16213M (2443M free)
TotalPageFile size 45982M (AvailPageFile size 815M)
current process WorkingSet (physical memory assigned to process): 355M, peak: 355M
current process commit charge ("private bytes"): 492M, peak: 492M

vm_info: OpenJDK 64-Bit Server VM (11.0.12+7-b1504.28-7817840) for windows-amd64 JRE (11.0.12+7-b1504.28-7817840), built on Oct 13 2021 22:12:33 by "builder" with MS VC++ 14.0 (VS2015)

END.
